#
# A fatal error has been detected by the Java Runtime Environment:
#
#  SIGSEGV (0xb) at pc=0xb343a69d, pid=13130, tid=2277391168
#
# JRE version: OpenJDK Runtime Environment (7.0_65-b32) (build 1.7.0_65-b32)
# Java VM: OpenJDK Server VM (24.65-b04 mixed mode linux-x86 )
# Derivative: IcedTea 2.5.3
# Distribution: Ubuntu 14.04 LTS, package 7u71-2.5.3-0ubuntu0.14.04.1
# Problematic frame:
# v  ~BufferBlob::jni_fast_GetLongField
#
# Failed to write core dump. Core dumps have been disabled. To enable core dumping, try "ulimit -c unlimited" before starting Java again
#
# If you would like to submit a bug report, please include
# instructions on how to reproduce the bug and visit:
#   http://icedtea.classpath.org/bugzilla
# The crash happened outside the Java Virtual Machine in native code.
# See problematic frame for where to report the bug.
#

---------------  T H R E A D  ---------------

Current thread (0x886bb000):  JavaThread "AWT-XAWT" daemon [_thread_in_native, id=13154, stack(0x87b93000,0x87be4000)]

siginfo:si_signo=SIGSEGV: si_errno=0, si_code=1 (SEGV_MAPERR), si_addr=0x00000000

Registers:
EAX=0x00000000, EBX=0x8904b000, ECX=0x0000000e, EDX=0x00000000
ESP=0x87be2e18, EBP=0x87be2e68, ESI=0x00000042, EDI=0x886bb128
EIP=0xb343a69d, EFLAGS=0x00010246, CR2=0x00000000

Top of Stack: (sp=0x87be2e18)
0x87be2e18:   00000000 8901d823 886bb128 00000000
0x87be2e28:   00000042 b776f000 b776f000 00000000
0x87be2e38:   8865920c 886bb128 8865920c 886be0b0
0x87be2e48:   87be2e68 8901d8f4 b715e120 00010002
0x87be2e58:   8901d7ff 88542000 b642d2e8 00000000
0x87be2e68:   b642cec0 8846ee18 b642cec0 00000000
0x87be2e78:   00000000 88542000 886b4ea8 8862b5b0
0x87be2e88:   8846edb9 88542000 b642cff0 05600003 

Instructions: (pc=0xb343a69d)
0xb343a67d:   00 00 00 56 8b 0d a4 92 17 b7 f6 c1 01 0f 85 30
0xb343a68d:   00 00 00 8b c1 83 e0 01 8b 54 04 0c 8b 74 24 10
0xb343a69d:   8b 12 c1 ee 02 8b 04 32 8b 54 32 04 be a4 92 17
0xb343a6ad:   b7 33 f2 33 f0 33 f2 33 f0 3b 0e 0f 85 02 00 00 

Register to memory mapping:

EAX=0x00000000 is an unknown value
EBX=0x8904b000: <offset 0x49000> in /usr/lib/jvm/java-7-openjdk-i386/jre/lib/i386/xawt/libmawt.so at 0x89002000
ECX=0x0000000e is an unknown value
EDX=0x00000000 is an unknown value
ESP=0x87be2e18 is pointing into the stack for thread: 0x886bb000
EBP=0x87be2e68 is pointing into the stack for thread: 0x886bb000
ESI=0x00000042 is an unknown value
EDI=0x886bb128 is an unknown value


Stack: [0x87b93000,0x87be4000],  sp=0x87be2e18,  free space=319k
Native frames: (J=compiled Java code, j=interpreted, Vv=VM code, C=native code)
v  ~BufferBlob::jni_fast_GetLongField

Java frames: (J=compiled Java code, j=interpreted, Vv=VM code)
j  sun.awt.X11.XlibWrapper.XFilterEvent(JJ)Z+0
j  sun.awt.X11.XToolkit.run(Z)V+300
j  sun.awt.X11.XToolkit.run()V+5
j  java.lang.Thread.run()V+11
v  ~StubRoutines::call_stub

---------------  P R O C E S S  ---------------

Java Threads: ( => current thread )
  0x8ab06c00 JavaThread "XToolkt-Shutdown-Thread" [_thread_in_vm, id=24207, stack(0x8780d000,0x8785e000)]
  0x88eaa400 JavaThread "SIGTERM handler" daemon [_thread_blocked, id=24200, stack(0x8785e000,0x878af000)]
  0x87778400 JavaThread "TimerQueue" daemon [_thread_blocked, id=13159, stack(0x878af000,0x87900000)]
  0x88e6a000 JavaThread "Abandoned connection cleanup thread" daemon [_thread_blocked, id=13157, stack(0x87aa0000,0x87af1000)]
  0xb6407800 JavaThread "DestroyJavaVM" [_thread_blocked, id=13136, stack(0xb657d000,0xb65ce000)]
  0x886bd000 JavaThread "AWT-EventQueue-0" [_thread_blocked, id=13156, stack(0x87af1000,0x87b42000)]
  0x886bc000 JavaThread "AWT-Shutdown" [_thread_blocked, id=13155, stack(0x87b42000,0x87b93000)]
=>0x886bb000 JavaThread "AWT-XAWT" daemon [_thread_in_native, id=13154, stack(0x87b93000,0x87be4000)]
  0x886a8c00 JavaThread "Java2D Disposer" daemon [_thread_blocked, id=13153, stack(0x87c02000,0x87c53000)]
  0x88f9e000 JavaThread "Service Thread" daemon [_thread_blocked, id=13147, stack(0x887ec000,0x8883d000)]
  0x88f9c000 JavaThread "C2 CompilerThread1" daemon [_thread_blocked, id=13146, stack(0x8883d000,0x888be000)]
  0x88f9a000 JavaThread "C2 CompilerThread0" daemon [_thread_blocked, id=13145, stack(0x888be000,0x8893f000)]
  0x88f98800 JavaThread "Signal Dispatcher" daemon [_thread_blocked, id=13144, stack(0x8893f000,0x88990000)]
  0x88f85400 JavaThread "Finalizer" daemon [_thread_blocked, id=13143, stack(0x8aa2e000,0x8aa7f000)]
  0x88f83c00 JavaThread "Reference Handler" daemon [_thread_blocked, id=13142, stack(0x8ac2e000,0x8ac7f000)]

Other Threads:
  0x88f81400 VMThread [stack: 0x8904e000,0x890cf000] [id=13141]
  0x88fa0000 WatcherThread [stack: 0x8876b000,0x887ec000] [id=13148]

VM state:not at safepoint (normal execution)

VM Mutex/Monitor currently owned by a thread: None

Heap
 PSYoungGen      total 9216K, used 6925K [0xa8840000, 0xa9280000, 0xb3300000)
  eden space 7936K, 71% used [0xa8840000,0xa8dc5718,0xa9000000)
  from space 1280K, 99% used [0xa9000000,0xa913e080,0xa9140000)
  to   space 1280K, 0% used [0xa9140000,0xa9140000,0xa9280000)
 ParOldGen       total 20480K, used 1687K [0x93300000, 0x94700000, 0xa8840000)
  object space 20480K, 8% used [0x93300000,0x934a5c50,0x94700000)
 PSPermGen       total 16384K, used 10994K [0x8b300000, 0x8c300000, 0x93300000)
  object space 16384K, 67% used [0x8b300000,0x8bdbc9b0,0x8c300000)

Card table byte_map: [0x8b1bf000,0x8b300000] byte_map_base: 0x8ad65800

Polling page: 0xb777a000

Code Cache  [0xb33f3000, 0xb3633000, 0xb63f3000)
 total_blobs=321 nmethods=78 adapters=197 free_code_cache=48694Kb largest_free_block=49849152

Compilation events (10 events):
Event: 2365,635 Thread 0x88f9c000   73             java.util.concurrent.locks.ReentrantLock$Sync::nonfairTryAcquire (67 bytes)
Event: 2365,638 Thread 0x88f9c000 nmethod 73 0xb34645c8 code [0xb34646c0, 0xb34647bc]
Event: 2825,455 Thread 0x88f9a000   74             sun.awt.X11.Native::getInt (8 bytes)
Event: 2825,505 Thread 0x88f9a000 nmethod 74 0xb3464408 code [0xb3464500, 0xb3464550]
Event: 3981,793 Thread 0x88f9c000   75   !         sun.awt.X11.XToolkit::callTimeoutTasks (220 bytes)
Event: 3981,898 Thread 0x88f9c000 nmethod 75 0xb3466d48 code [0xb3466e80, 0xb3467084]
Event: 4578,068 Thread 0x88f9a000   76             sun.awt.X11.XEvent::get_type (18 bytes)
Event: 4578,100 Thread 0x88f9a000 nmethod 76 0xb3466788 code [0xb34668c0, 0xb3466a64]
Event: 4584,427 Thread 0x88f9c000   77   !         sun.awt.X11.XToolkit::getNextTaskTime (55 bytes)
Event: 4584,430 Thread 0x88f9c000 nmethod 77 0xb3466108 code [0xb3466240, 0xb3466424]

GC Heap History (2 events):
Event: 0,988 GC heap before
{Heap before GC invocations=1 (full 0):
 PSYoungGen      total 9216K, used 7936K [0xa8840000, 0xa9280000, 0xb3300000)
  eden space 7936K, 100% used [0xa8840000,0xa9000000,0xa9000000)
  from space 1280K, 0% used [0xa9140000,0xa9140000,0xa9280000)
  to   space 1280K, 0% used [0xa9000000,0xa9000000,0xa9140000)
 ParOldGen       total 20480K, used 0K [0x93300000, 0x94700000, 0xa8840000)
  object space 20480K, 0% used [0x93300000,0x93300000,0x94700000)
 PSPermGen       total 16384K, used 7116K [0x8b300000, 0x8c300000, 0x93300000)
  object space 16384K, 43% used [0x8b300000,0x8b9f32b0,0x8c300000)
Event: 0,996 GC heap after
Heap after GC invocations=1 (full 0):
 PSYoungGen      total 9216K, used 1272K [0xa8840000, 0xa9280000, 0xb3300000)
  eden space 7936K, 0% used [0xa8840000,0xa8840000,0xa9000000)
  from space 1280K, 99% used [0xa9000000,0xa913e080,0xa9140000)
  to   space 1280K, 0% used [0xa9140000,0xa9140000,0xa9280000)
 ParOldGen       total 20480K, used 1687K [0x93300000, 0x94700000, 0xa8840000)
  object space 20480K, 8% used [0x93300000,0x934a5c50,0x94700000)
 PSPermGen       total 16384K, used 7116K [0x8b300000, 0x8c300000, 0x93300000)
  object space 16384K, 43% used [0x8b300000,0x8b9f32b0,0x8c300000)
}

Deoptimization events (8 events):
Event: 0,882 Thread 0x886bd000 Uncommon trap: reason=class_check action=maybe_recompile pc=0xb344d260 method=java.util.Properties$LineReader.readLine()I @ 62
Event: 0,883 Thread 0x886bd000 Uncommon trap: reason=class_check action=maybe_recompile pc=0xb344d260 method=java.util.Properties$LineReader.readLine()I @ 62
Event: 0,883 Thread 0x886bd000 Uncommon trap: reason=class_check action=maybe_recompile pc=0xb344d260 method=java.util.Properties$LineReader.readLine()I @ 62
Event: 0,883 Thread 0x886bd000 Uncommon trap: reason=class_check action=maybe_recompile pc=0xb344d260 method=java.util.Properties$LineReader.readLine()I @ 62
Event: 4,482 Thread 0x886bd000 Uncommon trap: reason=class_check action=maybe_recompile pc=0xb344b004 method=java.lang.String.equals(Ljava/lang/Object;)Z @ 8
Event: 4,482 Thread 0x886bd000 Uncommon trap: reason=class_check action=maybe_recompile pc=0xb344b004 method=java.lang.String.equals(Ljava/lang/Object;)Z @ 8
Event: 8,867 Thread 0x886bd000 Uncommon trap: reason=class_check action=maybe_recompile pc=0xb344b004 method=java.lang.String.equals(Ljava/lang/Object;)Z @ 8
Event: 8,871 Thread 0x886bd000 Uncommon trap: reason=class_check action=maybe_recompile pc=0xb344b004 method=java.lang.String.equals(Ljava/lang/Object;)Z @ 8

Internal exceptions (10 events):
Event: 1,081 Thread 0x886bd000 Threw 0xa88d5048 at /build/buildd/openjdk-7-7u71-2.5.3/build/openjdk/hotspot/src/share/vm/prims/jvm.cpp:1284
Event: 1,082 Thread 0x886bd000 Threw 0xa88d8260 at /build/buildd/openjdk-7-7u71-2.5.3/build/openjdk/hotspot/src/share/vm/prims/jvm.cpp:1284
Event: 1,094 Thread 0x886bd000 Threw 0xa88ebe68 at /build/buildd/openjdk-7-7u71-2.5.3/build/openjdk/hotspot/src/share/vm/prims/jvm.cpp:1284
Event: 1,104 Thread 0x886bd000 Threw 0xa88f9a10 at /build/buildd/openjdk-7-7u71-2.5.3/build/openjdk/hotspot/src/share/vm/prims/jvm.cpp:1284
Event: 1,108 Thread 0x886bd000 Threw 0xa88fd828 at /build/buildd/openjdk-7-7u71-2.5.3/build/openjdk/hotspot/src/share/vm/prims/jvm.cpp:1284
Event: 1,109 Thread 0x886bd000 Threw 0xa8901ca8 at /build/buildd/openjdk-7-7u71-2.5.3/build/openjdk/hotspot/src/share/vm/prims/jvm.cpp:1284
Event: 1,110 Thread 0x886bd000 Threw 0xa890dc98 at /build/buildd/openjdk-7-7u71-2.5.3/build/openjdk/hotspot/src/share/vm/prims/jvm.cpp:1284
Event: 1,112 Thread 0x886bd000 Threw 0xa8912648 at /build/buildd/openjdk-7-7u71-2.5.3/build/openjdk/hotspot/src/share/vm/prims/jvm.cpp:1284
Event: 1,115 Thread 0x886bd000 Threw 0xa891a658 at /build/buildd/openjdk-7-7u71-2.5.3/build/openjdk/hotspot/src/share/vm/prims/jvm.cpp:1284
Event: 1,117 Thread 0x886bd000 Threw 0xa89250e8 at /build/buildd/openjdk-7-7u71-2.5.3/build/openjdk/hotspot/src/share/vm/prims/jvm.cpp:1284

Events (10 events):
Event: 14,064 loading class 0x88622c20
Event: 14,064 loading class 0x88622c20 done
Event: 4769,825 loading class 0x88fe6e40
Event: 4773,126 loading class 0x88fe6e40 done
Event: 4773,127 loading class 0x88fe8840
Event: 4773,300 loading class 0x88fe8840 done
Event: 4965,028 loading class 0x88d60c48
Event: 4965,353 loading class 0x88d60c48 done
Event: 4968,884 loading class 0x8ae6db60
Event: 4969,383 loading class 0x8ae6db60 done


Dynamic libraries:
08048000-08049000 r-xp 00000000 08:07 1440232    /usr/lib/jvm/java-7-openjdk-i386/jre/bin/java
08049000-0804a000 r--p 00000000 08:07 1440232    /usr/lib/jvm/java-7-openjdk-i386/jre/bin/java
0804a000-0804b000 rw-p 00001000 08:07 1440232    /usr/lib/jvm/java-7-openjdk-i386/jre/bin/java
08e83000-08ea4000 rw-p 00000000 00:00 0          [heap]
87309000-87500000 rw-s 00000000 00:04 58720283   /SYSV00000000 (deleted)
87500000-8752a000 rw-p 00000000 00:00 0 
8752a000-87600000 ---p 00000000 00:00 0 
87700000-877e1000 rw-p 00000000 00:00 0 
877e1000-87800000 ---p 00000000 00:00 0 
8780d000-87810000 ---p 00000000 00:00 0 
87810000-8785e000 rw-p 00000000 00:00 0          [stack:24207]
8785e000-87861000 ---p 00000000 00:00 0 
87861000-878af000 rw-p 00000000 00:00 0          [stack:24200]
878af000-878b2000 ---p 00000000 00:00 0 
878b2000-87900000 rw-p 00000000 00:00 0          [stack:13159]
87900000-879ed000 rw-p 00000000 00:00 0 
879ed000-87a00000 ---p 00000000 00:00 0 
87a1d000-87a6c000 r-xp 00000000 08:07 1440302    /usr/lib/jvm/java-7-openjdk-i386/jre/lib/i386/libfontmanager.so
87a6c000-87a6e000 r--p 0004e000 08:07 1440302    /usr/lib/jvm/java-7-openjdk-i386/jre/lib/i386/libfontmanager.so
87a6e000-87a6f000 rw-p 00050000 08:07 1440302    /usr/lib/jvm/java-7-openjdk-i386/jre/lib/i386/libfontmanager.so
87a6f000-87a74000 r--s 0004c000 08:07 1440263    /usr/lib/jvm/java-7-openjdk-i386/jre/lib/jsse.jar
87a74000-87a8b000 r-xp 00000000 08:07 1440324    /usr/lib/jvm/java-7-openjdk-i386/jre/lib/i386/libnet.so
87a8b000-87a8c000 r--p 00016000 08:07 1440324    /usr/lib/jvm/java-7-openjdk-i386/jre/lib/i386/libnet.so
87a8c000-87a8d000 rw-p 00017000 08:07 1440324    /usr/lib/jvm/java-7-openjdk-i386/jre/lib/i386/libnet.so
87a8d000-87a9e000 r-xp 00000000 08:07 1440325    /usr/lib/jvm/java-7-openjdk-i386/jre/lib/i386/libnio.so
87a9e000-87a9f000 r--p 00010000 08:07 1440325    /usr/lib/jvm/java-7-openjdk-i386/jre/lib/i386/libnio.so
87a9f000-87aa0000 rw-p 00011000 08:07 1440325    /usr/lib/jvm/java-7-openjdk-i386/jre/lib/i386/libnio.so
87aa0000-87aa3000 ---p 00000000 00:00 0 
87aa3000-87af1000 rw-p 00000000 00:00 0          [stack:13157]
87af1000-87af4000 ---p 00000000 00:00 0 
87af4000-87b42000 rw-p 00000000 00:00 0          [stack:13156]
87b42000-87b45000 ---p 00000000 00:00 0 
87b45000-87b93000 rw-p 00000000 00:00 0          [stack:13155]
87b93000-87b96000 ---p 00000000 00:00 0 
87b96000-87be4000 rw-p 00000000 00:00 0          [stack:13154]
87be4000-87be8000 r-xp 00000000 08:07 1314943    /usr/lib/i386-linux-gnu/libXfixes.so.3.1.0
87be8000-87be9000 r--p 00003000 08:07 1314943    /usr/lib/i386-linux-gnu/libXfixes.so.3.1.0
87be9000-87bea000 rw-p 00004000 08:07 1314943    /usr/lib/i386-linux-gnu/libXfixes.so.3.1.0
87bec000-87bf6000 r--s 00203000 08:07 1440252    /usr/lib/jvm/java-7-openjdk-i386/jre/lib/charsets.jar
87bf6000-87bf9000 r--s 0001c000 08:07 937978     /home/nguyen/workspace/EmployeeManagementSystem/forms-1.3.0.jar
87bf9000-87c02000 r--s 000e2000 08:07 1059755    /home/nguyen/workspace/EmployeeManagementSystem/libs/mysql-connector-java-5.1.34-bin.jar
87c02000-87c05000 ---p 00000000 00:00 0 
87c05000-87c53000 rw-p 00000000 00:00 0          [stack:13153]
87c53000-87c56000 r-xp 00000000 08:07 393496     /lib/i386-linux-gnu/libgpg-error.so.0.10.0
87c56000-87c57000 r--p 00002000 08:07 393496     /lib/i386-linux-gnu/libgpg-error.so.0.10.0
87c57000-87c58000 rw-p 00003000 08:07 393496     /lib/i386-linux-gnu/libgpg-error.so.0.10.0
87c58000-87c94000 r-xp 00000000 08:07 393567     /lib/i386-linux-gnu/libpcre.so.3.13.1
87c94000-87c95000 r--p 0003b000 08:07 393567     /lib/i386-linux-gnu/libpcre.so.3.13.1
87c95000-87c96000 rw-p 0003c000 08:07 393567     /lib/i386-linux-gnu/libpcre.so.3.13.1
87c96000-87cbc000 r-xp 00000000 08:07 393579     /lib/i386-linux-gnu/libpng12.so.0.50.0
87cbc000-87cbd000 r--p 00025000 08:07 393579     /lib/i386-linux-gnu/libpng12.so.0.50.0
87cbd000-87cbe000 rw-p 00026000 08:07 393579     /lib/i386-linux-gnu/libpng12.so.0.50.0
87cbe000-87d07000 r-xp 00000000 08:07 393477     /lib/i386-linux-gnu/libdbus-1.so.3.7.6
87d07000-87d08000 r--p 00048000 08:07 393477     /lib/i386-linux-gnu/libdbus-1.so.3.7.6
87d08000-87d09000 rw-p 00049000 08:07 393477     /lib/i386-linux-gnu/libdbus-1.so.3.7.6
87d09000-87d40000 r-xp 00000000 08:07 1315787    /usr/lib/i386-linux-gnu/libp11-kit.so.0.0.0
87d40000-87d41000 ---p 00037000 08:07 1315787    /usr/lib/i386-linux-gnu/libp11-kit.so.0.0.0
87d41000-87d44000 r--p 00037000 08:07 1315787    /usr/lib/i386-linux-gnu/libp11-kit.so.0.0.0
87d44000-87d45000 rw-p 0003a000 08:07 1315787    /usr/lib/i386-linux-gnu/libp11-kit.so.0.0.0
87d45000-87d57000 r-xp 00000000 08:07 1315964    /usr/lib/i386-linux-gnu/libtasn1.so.6.2.0
87d57000-87d58000 r--p 00011000 08:07 1315964    /usr/lib/i386-linux-gnu/libtasn1.so.6.2.0
87d58000-87d59000 rw-p 00012000 08:07 1315964    /usr/lib/i386-linux-gnu/libtasn1.so.6.2.0
87d59000-87ddb000 r-xp 00000000 08:07 393492     /lib/i386-linux-gnu/libgcrypt.so.11.8.2
87ddb000-87ddc000 ---p 00082000 08:07 393492     /lib/i386-linux-gnu/libgcrypt.so.11.8.2
87ddc000-87ddd000 r--p 00082000 08:07 393492     /lib/i386-linux-gnu/libgcrypt.so.11.8.2
87ddd000-87ddf000 rw-p 00083000 08:07 393492     /lib/i386-linux-gnu/libgcrypt.so.11.8.2
87ddf000-87de0000 rw-p 00000000 00:00 0 
87de0000-87e0e000 r-xp 00000000 08:07 1315620    /usr/lib/i386-linux-gnu/libk5crypto.so.3.1
87e0e000-87e0f000 r--p 0002d000 08:07 1315620    /usr/lib/i386-linux-gnu/libk5crypto.so.3.1
87e0f000-87e10000 rw-p 0002e000 08:07 1315620    /usr/lib/i386-linux-gnu/libk5crypto.so.3.1
87e10000-87ec7000 r-xp 00000000 08:07 1315626    /usr/lib/i386-linux-gnu/libkrb5.so.3.3
87ec7000-87ecd000 r--p 000b7000 08:07 1315626    /usr/lib/i386-linux-gnu/libkrb5.so.3.3
87ecd000-87ece000 rw-p 000bd000 08:07 1315626    /usr/lib/i386-linux-gnu/libkrb5.so.3.3
87ece000-87eee000 r-xp 00000000 08:07 393594     /lib/i386-linux-gnu/libselinux.so.1
87eee000-87eef000 r--p 0001f000 08:07 393594     /lib/i386-linux-gnu/libselinux.so.1
87eef000-87ef0000 rw-p 00020000 08:07 393594     /lib/i386-linux-gnu/libselinux.so.1
87ef0000-87ef1000 rw-p 00000000 00:00 0 
87ef1000-87ffb000 r-xp 00000000 08:07 393494     /lib/i386-linux-gnu/libglib-2.0.so.0.4002.0
87ffb000-87ffc000 r--p 00109000 08:07 393494     /lib/i386-linux-gnu/libglib-2.0.so.0.4002.0
87ffc000-87ffd000 rw-p 0010a000 08:07 393494     /lib/i386-linux-gnu/libglib-2.0.so.0.4002.0
87ffd000-88022000 r-xp 00000000 08:07 393485     /lib/i386-linux-gnu/libexpat.so.1.6.0
88022000-88023000 ---p 00025000 08:07 393485     /lib/i386-linux-gnu/libexpat.so.1.6.0
88023000-88025000 r--p 00025000 08:07 393485     /lib/i386-linux-gnu/libexpat.so.1.6.0
88025000-88026000 rw-p 00027000 08:07 393485     /lib/i386-linux-gnu/libexpat.so.1.6.0
88026000-880c0000 r-xp 00000000 08:07 1315303    /usr/lib/i386-linux-gnu/libfreetype.so.6.11.1
880c0000-880c1000 ---p 0009a000 08:07 1315303    /usr/lib/i386-linux-gnu/libfreetype.so.6.11.1
880c1000-880c5000 r--p 0009a000 08:07 1315303    /usr/lib/i386-linux-gnu/libfreetype.so.6.11.1
880c5000-880c6000 rw-p 0009e000 08:07 1315303    /usr/lib/i386-linux-gnu/libfreetype.so.6.11.1
880c6000-88187000 r-xp 00000000 08:07 1315395    /usr/lib/i386-linux-gnu/libgnutls.so.26.22.6
88187000-8818b000 r--p 000c0000 08:07 1315395    /usr/lib/i386-linux-gnu/libgnutls.so.26.22.6
8818b000-8818c000 rw-p 000c4000 08:07 1315395    /usr/lib/i386-linux-gnu/libgnutls.so.26.22.6
8818c000-881cf000 r-xp 00000000 08:07 1315429    /usr/lib/i386-linux-gnu/libgssapi_krb5.so.2.2
881cf000-881d0000 r--p 00042000 08:07 1315429    /usr/lib/i386-linux-gnu/libgssapi_krb5.so.2.2
881d0000-881d1000 rw-p 00043000 08:07 1315429    /usr/lib/i386-linux-gnu/libgssapi_krb5.so.2.2
881d1000-88221000 r-xp 00000000 08:07 1315401    /usr/lib/i386-linux-gnu/libgobject-2.0.so.0.4002.0
88221000-88222000 r--p 0004f000 08:07 1315401    /usr/lib/i386-linux-gnu/libgobject-2.0.so.0.4002.0
88222000-88223000 rw-p 00050000 08:07 1315401    /usr/lib/i386-linux-gnu/libgobject-2.0.so.0.4002.0
88223000-883a0000 r-xp 00000000 08:07 1315361    /usr/lib/i386-linux-gnu/libgio-2.0.so.0.4002.0
883a0000-883a2000 r--p 0017d000 08:07 1315361    /usr/lib/i386-linux-gnu/libgio-2.0.so.0.4002.0
883a2000-883a3000 rw-p 0017f000 08:07 1315361    /usr/lib/i386-linux-gnu/libgio-2.0.so.0.4002.0
883a3000-883a4000 rw-p 00000000 00:00 0 
883a4000-8840b000 r-xp 00000000 08:07 1315133    /usr/lib/i386-linux-gnu/libcups.so.2
8840b000-8840c000 ---p 00067000 08:07 1315133    /usr/lib/i386-linux-gnu/libcups.so.2
8840c000-88410000 r--p 00067000 08:07 1315133    /usr/lib/i386-linux-gnu/libcups.so.2
88410000-88411000 rw-p 0006b000 08:07 1315133    /usr/lib/i386-linux-gnu/libcups.so.2
88411000-88541000 r-xp 00000000 08:07 1314924    /usr/lib/i386-linux-gnu/libX11.so.6.3.0
88541000-88542000 r--p 00130000 08:07 1314924    /usr/lib/i386-linux-gnu/libX11.so.6.3.0
88542000-88544000 rw-p 00131000 08:07 1314924    /usr/lib/i386-linux-gnu/libX11.so.6.3.0
88544000-88545000 rw-p 00000000 00:00 0 
88545000-885d4000 r-xp 00000000 08:07 1440300    /usr/lib/jvm/java-7-openjdk-i386/jre/lib/i386/libawt.so
885d4000-885d5000 r--p 0008f000 08:07 1440300    /usr/lib/jvm/java-7-openjdk-i386/jre/lib/i386/libawt.so
885d5000-885dc000 rw-p 00090000 08:07 1440300    /usr/lib/jvm/java-7-openjdk-i386/jre/lib/i386/libawt.so
885dc000-88600000 rw-p 00000000 00:00 0 
88600000-886d2000 rw-p 00000000 00:00 0 
886d2000-88700000 ---p 00000000 00:00 0 
88702000-88704000 r-xp 00000000 08:07 393506     /lib/i386-linux-gnu/libkeyutils.so.1.4
88704000-88705000 r--p 00002000 08:07 393506     /lib/i386-linux-gnu/libkeyutils.so.1.4
88705000-88706000 rw-p 00003000 08:07 393506     /lib/i386-linux-gnu/libkeyutils.so.1.4
88706000-88719000 r-xp 00000000 08:07 421491     /lib/i386-linux-gnu/libresolv-2.19.so
88719000-8871a000 ---p 00013000 08:07 421491     /lib/i386-linux-gnu/libresolv-2.19.so
8871a000-8871b000 r--p 00013000 08:07 421491     /lib/i386-linux-gnu/libresolv-2.19.so
8871b000-8871c000 rw-p 00014000 08:07 421491     /lib/i386-linux-gnu/libresolv-2.19.so
8871c000-8871e000 rw-p 00000000 00:00 0 
8871e000-8872e000 r-xp 00000000 08:07 1315034    /usr/lib/i386-linux-gnu/libavahi-client.so.3.2.9
8872e000-8872f000 r--p 0000f000 08:07 1315034    /usr/lib/i386-linux-gnu/libavahi-client.so.3.2.9
8872f000-88730000 rw-p 00010000 08:07 1315034    /usr/lib/i386-linux-gnu/libavahi-client.so.3.2.9
88730000-88769000 r-xp 00000000 08:07 1315275    /usr/lib/i386-linux-gnu/libfontconfig.so.1.8.0
88769000-8876a000 r--p 00039000 08:07 1315275    /usr/lib/i386-linux-gnu/libfontconfig.so.1.8.0
8876a000-8876b000 rw-p 0003a000 08:07 1315275    /usr/lib/i386-linux-gnu/libfontconfig.so.1.8.0
8876b000-8876c000 ---p 00000000 00:00 0 
8876c000-887ec000 rw-p 00000000 00:00 0          [stack:13148]
887ec000-887ef000 ---p 00000000 00:00 0 
887ef000-8883d000 rw-p 00000000 00:00 0          [stack:13147]
8883d000-88840000 ---p 00000000 00:00 0 
88840000-888be000 rw-p 00000000 00:00 0          [stack:13146]
888be000-888c1000 ---p 00000000 00:00 0 
888c1000-8893f000 rw-p 00000000 00:00 0          [stack:13145]
8893f000-88942000 ---p 00000000 00:00 0 
88942000-88990000 rw-p 00000000 00:00 0          [stack:13144]
88990000-88b00000 r--p 002c8000 08:07 1317548    /usr/lib/locale/locale-archive
88b00000-88d00000 r--p 00000000 08:07 1317548    /usr/lib/locale/locale-archive
88d00000-88dfa000 rw-p 00000000 00:00 0 
88dfa000-88e00000 ---p 00000000 00:00 0 
88e00000-88ef3000 rw-p 00000000 00:00 0 
88ef3000-88f00000 ---p 00000000 00:00 0 
88f00000-88ff8000 rw-p 00000000 00:00 0 
88ff8000-89000000 ---p 00000000 00:00 0 
89002000-8904a000 r-xp 00000000 08:07 1440344    /usr/lib/jvm/java-7-openjdk-i386/jre/lib/i386/xawt/libmawt.so
8904a000-8904b000 r--p 00047000 08:07 1440344    /usr/lib/jvm/java-7-openjdk-i386/jre/lib/i386/xawt/libmawt.so
8904b000-8904d000 rw-p 00048000 08:07 1440344    /usr/lib/jvm/java-7-openjdk-i386/jre/lib/i386/xawt/libmawt.so
8904d000-8904e000 rw-p 00000000 00:00 0 
8904e000-8904f000 ---p 00000000 00:00 0 
8904f000-890cf000 rw-p 00000000 00:00 0          [stack:13141]
890cf000-89280000 r--s 01d25000 08:07 1440273    /usr/lib/jvm/java-7-openjdk-i386/jre/lib/rt.jar
89280000-8a900000 rw-p 00000000 00:00 0 
8a900000-8a9ff000 rw-p 00000000 00:00 0 
8a9ff000-8aa00000 ---p 00000000 00:00 0 
8aa00000-8aa0a000 r-xp 00000000 08:07 1315628    /usr/lib/i386-linux-gnu/libkrb5support.so.0.1
8aa0a000-8aa0b000 r--p 00009000 08:07 1315628    /usr/lib/i386-linux-gnu/libkrb5support.so.0.1
8aa0b000-8aa0c000 rw-p 0000a000 08:07 1315628    /usr/lib/i386-linux-gnu/libkrb5support.so.0.1
8aa0c000-8aa2c000 r-xp 00000000 08:07 1316113    /usr/lib/i386-linux-gnu/libxcb.so.1.1.0
8aa2c000-8aa2d000 r--p 0001f000 08:07 1316113    /usr/lib/i386-linux-gnu/libxcb.so.1.1.0
8aa2d000-8aa2e000 rw-p 00020000 08:07 1316113    /usr/lib/i386-linux-gnu/libxcb.so.1.1.0
8aa2e000-8aa31000 ---p 00000000 00:00 0 
8aa31000-8aa7f000 rw-p 00000000 00:00 0          [stack:13143]
8aa7f000-8aa80000 ---p 00000000 00:00 0 
8aa80000-8ab00000 rw-p 00000000 00:00 0          [stack:13140]
8ab00000-8ab21000 rw-p 00000000 00:00 0 
8ab21000-8ac00000 ---p 00000000 00:00 0 
8ac01000-8ac06000 r-xp 00000000 08:07 1314939    /usr/lib/i386-linux-gnu/libXdmcp.so.6.0.0
8ac06000-8ac07000 r--p 00004000 08:07 1314939    /usr/lib/i386-linux-gnu/libXdmcp.so.6.0.0
8ac07000-8ac08000 rw-p 00005000 08:07 1314939    /usr/lib/i386-linux-gnu/libXdmcp.so.6.0.0
8ac08000-8ac0d000 r-xp 00000000 08:07 1315241    /usr/lib/i386-linux-gnu/libffi.so.6.0.1
8ac0d000-8ac0e000 r--p 00005000 08:07 1315241    /usr/lib/i386-linux-gnu/libffi.so.6.0.1
8ac0e000-8ac0f000 rw-p 00006000 08:07 1315241    /usr/lib/i386-linux-gnu/libffi.so.6.0.1
8ac0f000-8ac1b000 r-xp 00000000 08:07 1315036    /usr/lib/i386-linux-gnu/libavahi-common.so.3.5.3
8ac1b000-8ac1c000 r--p 0000b000 08:07 1315036    /usr/lib/i386-linux-gnu/libavahi-common.so.3.5.3
8ac1c000-8ac1d000 rw-p 0000c000 08:07 1315036    /usr/lib/i386-linux-gnu/libavahi-common.so.3.5.3
8ac1d000-8ac2c000 r-xp 00000000 08:07 1314949    /usr/lib/i386-linux-gnu/libXi.so.6.1.0
8ac2c000-8ac2d000 r--p 0000e000 08:07 1314949    /usr/lib/i386-linux-gnu/libXi.so.6.1.0
8ac2d000-8ac2e000 rw-p 0000f000 08:07 1314949    /usr/lib/i386-linux-gnu/libXi.so.6.1.0
8ac2e000-8ac31000 ---p 00000000 00:00 0 
8ac31000-8ac7f000 rw-p 00000000 00:00 0          [stack:13142]
8ac7f000-8ac80000 ---p 00000000 00:00 0 
8ac80000-8ad00000 rw-p 00000000 00:00 0          [stack:13139]
8ad00000-8ad21000 rw-p 00000000 00:00 0 
8ad21000-8ae00000 ---p 00000000 00:00 0 
8ae01000-8ae04000 r-xp 00000000 08:07 393472     /lib/i386-linux-gnu/libcom_err.so.2.1
8ae04000-8ae05000 r--p 00002000 08:07 393472     /lib/i386-linux-gnu/libcom_err.so.2.1
8ae05000-8ae06000 rw-p 00003000 08:07 393472     /lib/i386-linux-gnu/libcom_err.so.2.1
8ae06000-8ae0f000 r-xp 00000000 08:07 1314961    /usr/lib/i386-linux-gnu/libXrender.so.1.3.0
8ae0f000-8ae10000 r--p 00008000 08:07 1314961    /usr/lib/i386-linux-gnu/libXrender.so.1.3.0
8ae10000-8ae11000 rw-p 00009000 08:07 1314961    /usr/lib/i386-linux-gnu/libXrender.so.1.3.0
8ae11000-8ae22000 r-xp 00000000 08:07 1314941    /usr/lib/i386-linux-gnu/libXext.so.6.4.0
8ae22000-8ae23000 r--p 00010000 08:07 1314941    /usr/lib/i386-linux-gnu/libXext.so.6.4.0
8ae23000-8ae24000 rw-p 00011000 08:07 1314941    /usr/lib/i386-linux-gnu/libXext.so.6.4.0
8ae24000-8ae7f000 rw-p 00000000 00:00 0 
8ae7f000-8ae80000 ---p 00000000 00:00 0 
8ae80000-8af00000 rw-p 00000000 00:00 0          [stack:13138]
8af00000-8af21000 rw-p 00000000 00:00 0 
8af21000-8b000000 ---p 00000000 00:00 0 
8b001000-8b003000 r-xp 00000000 08:07 1314928    /usr/lib/i386-linux-gnu/libXau.so.6.0.0
8b003000-8b004000 r--p 00001000 08:07 1314928    /usr/lib/i386-linux-gnu/libXau.so.6.0.0
8b004000-8b005000 rw-p 00002000 08:07 1314928    /usr/lib/i386-linux-gnu/libXau.so.6.0.0
8b005000-8b008000 r-xp 00000000 08:07 1315377    /usr/lib/i386-linux-gnu/libgmodule-2.0.so.0.4002.0
8b008000-8b009000 r--p 00002000 08:07 1315377    /usr/lib/i386-linux-gnu/libgmodule-2.0.so.0.4002.0
8b009000-8b00a000 rw-p 00003000 08:07 1315377    /usr/lib/i386-linux-gnu/libgmodule-2.0.so.0.4002.0
8b00a000-8b053000 rw-p 00000000 00:00 0 
8b053000-8b054000 ---p 00000000 00:00 0 
8b054000-8b0dc000 rw-p 00000000 00:00 0          [stack:13137]
8b0dc000-8b114000 rw-p 00000000 00:00 0 
8b114000-8b11e000 rw-p 00000000 00:00 0 
8b11e000-8b1bf000 rw-p 00000000 00:00 0 
8b1bf000-8b1c7000 rw-p 00000000 00:00 0 
8b1c7000-8b1ff000 rw-p 00000000 00:00 0 
8b1ff000-8b209000 rw-p 00000000 00:00 0 
8b209000-8b2a9000 rw-p 00000000 00:00 0 
8b2a9000-8b2af000 rw-p 00000000 00:00 0 
8b2af000-8b2ff000 rw-p 00000000 00:00 0 
8b2ff000-8c300000 rw-p 00000000 00:00 0 
8c300000-93300000 rw-p 00000000 00:00 0 
93300000-94700000 rw-p 00000000 00:00 0 
94700000-a8840000 rw-p 00000000 00:00 0 
a8840000-a9280000 rw-p 00000000 00:00 0 
a9280000-b3300000 rw-p 00000000 00:00 0 
b3301000-b3306000 r-xp 00000000 08:07 1314967    /usr/lib/i386-linux-gnu/libXtst.so.6.1.0
b3306000-b3307000 r--p 00004000 08:07 1314967    /usr/lib/i386-linux-gnu/libXtst.so.6.1.0
b3307000-b3308000 rw-p 00005000 08:07 1314967    /usr/lib/i386-linux-gnu/libXtst.so.6.1.0
b3309000-b330c000 r--s 00027000 08:07 1074526    /home/nguyen/workspace/EmployeeManagementSystem/libs/rs2xml.jar
b330c000-b3315000 r-xp 00000000 08:07 1314935    /usr/lib/i386-linux-gnu/libXcursor.so.1.0.2
b3315000-b3316000 r--p 00008000 08:07 1314935    /usr/lib/i386-linux-gnu/libXcursor.so.1.0.2
b3316000-b3317000 rw-p 00009000 08:07 1314935    /usr/lib/i386-linux-gnu/libXcursor.so.1.0.2
b3317000-b3320000 r--s 000b9000 08:07 1440271    /usr/lib/jvm/java-7-openjdk-i386/jre/lib/resources.jar
b3320000-b3324000 r--s 00085000 08:07 1440286    /usr/lib/jvm/java-7-openjdk-i386/jre/lib/ext/localedata.jar
b3324000-b333c000 rw-p 00000000 00:00 0 
b333c000-b33f3000 rw-p 00000000 00:00 0 
b33f3000-b3633000 rwxp 00000000 00:00 0 
b3633000-b63f3000 rw-p 00000000 00:00 0 
b63f3000-b63fe000 r-xp 00000000 08:07 421493     /lib/i386-linux-gnu/libnss_files-2.19.so
b63fe000-b63ff000 r--p 0000a000 08:07 421493     /lib/i386-linux-gnu/libnss_files-2.19.so
b63ff000-b6400000 rw-p 0000b000 08:07 421493     /lib/i386-linux-gnu/libnss_files-2.19.so
b6400000-b64ff000 rw-p 00000000 00:00 0 
b64ff000-b6500000 ---p 00000000 00:00 0 
b6500000-b6503000 r--s 0000f000 08:07 1440283    /usr/lib/jvm/java-7-openjdk-i386/jre/lib/ext/icedtea-sound.jar
b6503000-b6505000 r--s 00006000 08:07 2467       /usr/share/java/java-atk-wrapper.jar
b6505000-b650f000 r-xp 00000000 08:07 421479     /lib/i386-linux-gnu/libnss_nis-2.19.so
b650f000-b6510000 r--p 00009000 08:07 421479     /lib/i386-linux-gnu/libnss_nis-2.19.so
b6510000-b6511000 rw-p 0000a000 08:07 421479     /lib/i386-linux-gnu/libnss_nis-2.19.so
b6511000-b6526000 r-xp 00000000 08:07 421480     /lib/i386-linux-gnu/libnsl-2.19.so
b6526000-b6527000 r--p 00015000 08:07 421480     /lib/i386-linux-gnu/libnsl-2.19.so
b6527000-b6528000 rw-p 00016000 08:07 421480     /lib/i386-linux-gnu/libnsl-2.19.so
b6528000-b652a000 rw-p 00000000 00:00 0 
b652a000-b6531000 r-xp 00000000 08:07 421485     /lib/i386-linux-gnu/libnss_compat-2.19.so
b6531000-b6532000 r--p 00006000 08:07 421485     /lib/i386-linux-gnu/libnss_compat-2.19.so
b6532000-b6533000 rw-p 00007000 08:07 421485     /lib/i386-linux-gnu/libnss_compat-2.19.so
b6533000-b6535000 r--s 00012000 08:07 1440289    /usr/lib/jvm/java-7-openjdk-i386/jre/lib/ext/zipfs.jar
b6535000-b6539000 r--s 0003c000 08:07 1440288    /usr/lib/jvm/java-7-openjdk-i386/jre/lib/ext/sunpkcs11.jar
b6539000-b6541000 r-xp 00000000 08:07 1440332    /usr/lib/jvm/java-7-openjdk-i386/jre/lib/i386/libzip.so
b6541000-b6542000 r--p 00007000 08:07 1440332    /usr/lib/jvm/java-7-openjdk-i386/jre/lib/i386/libzip.so
b6542000-b6543000 rw-p 00008000 08:07 1440332    /usr/lib/jvm/java-7-openjdk-i386/jre/lib/i386/libzip.so
b6543000-b654b000 rw-s 00000000 08:07 813954     /tmp/hsperfdata_nguyen/13130
b654b000-b6572000 r-xp 00000000 08:07 1440311    /usr/lib/jvm/java-7-openjdk-i386/jre/lib/i386/libjava.so
b6572000-b6573000 r--p 00026000 08:07 1440311    /usr/lib/jvm/java-7-openjdk-i386/jre/lib/i386/libjava.so
b6573000-b6574000 rw-p 00027000 08:07 1440311    /usr/lib/jvm/java-7-openjdk-i386/jre/lib/i386/libjava.so
b6574000-b657b000 r-xp 00000000 08:07 421494     /lib/i386-linux-gnu/librt-2.19.so
b657b000-b657c000 r--p 00006000 08:07 421494     /lib/i386-linux-gnu/librt-2.19.so
b657c000-b657d000 rw-p 00007000 08:07 421494     /lib/i386-linux-gnu/librt-2.19.so
b657d000-b6580000 ---p 00000000 00:00 0 
b6580000-b65ce000 rw-p 00000000 00:00 0          [stack:13136]
b65ce000-b65ea000 r-xp 00000000 08:07 393490     /lib/i386-linux-gnu/libgcc_s.so.1
b65ea000-b65eb000 rw-p 0001b000 08:07 393490     /lib/i386-linux-gnu/libgcc_s.so.1
b65eb000-b662f000 r-xp 00000000 08:07 421484     /lib/i386-linux-gnu/libm-2.19.so
b662f000-b6630000 r--p 00043000 08:07 421484     /lib/i386-linux-gnu/libm-2.19.so
b6630000-b6631000 rw-p 00044000 08:07 421484     /lib/i386-linux-gnu/libm-2.19.so
b6631000-b670d000 r-xp 00000000 08:07 1315956    /usr/lib/i386-linux-gnu/libstdc++.so.6.0.19
b670d000-b670e000 ---p 000dc000 08:07 1315956    /usr/lib/i386-linux-gnu/libstdc++.so.6.0.19
b670e000-b6712000 r--p 000dc000 08:07 1315956    /usr/lib/i386-linux-gnu/libstdc++.so.6.0.19
b6712000-b6713000 rw-p 000e0000 08:07 1315956    /usr/lib/i386-linux-gnu/libstdc++.so.6.0.19
b6713000-b671a000 rw-p 00000000 00:00 0 
b671a000-b7105000 r-xp 00000000 08:07 1440343    /usr/lib/jvm/java-7-openjdk-i386/jre/lib/i386/server/libjvm.so
b7105000-b7106000 ---p 009eb000 08:07 1440343    /usr/lib/jvm/java-7-openjdk-i386/jre/lib/i386/server/libjvm.so
b7106000-b7158000 r--p 009eb000 08:07 1440343    /usr/lib/jvm/java-7-openjdk-i386/jre/lib/i386/server/libjvm.so
b7158000-b716c000 rw-p 00a3d000 08:07 1440343    /usr/lib/jvm/java-7-openjdk-i386/jre/lib/i386/server/libjvm.so
b716c000-b7589000 rw-p 00000000 00:00 0 
b7589000-b75a1000 r-xp 00000000 08:07 393627     /lib/i386-linux-gnu/libz.so.1.2.8
b75a1000-b75a2000 r--p 00017000 08:07 393627     /lib/i386-linux-gnu/libz.so.1.2.8
b75a2000-b75a3000 rw-p 00018000 08:07 393627     /lib/i386-linux-gnu/libz.so.1.2.8
b75a3000-b75a4000 rw-p 00000000 00:00 0 
b75a4000-b75bc000 r-xp 00000000 08:07 421489     /lib/i386-linux-gnu/libpthread-2.19.so
b75bc000-b75bd000 r--p 00018000 08:07 421489     /lib/i386-linux-gnu/libpthread-2.19.so
b75bd000-b75be000 rw-p 00019000 08:07 421489     /lib/i386-linux-gnu/libpthread-2.19.so
b75be000-b75c0000 rw-p 00000000 00:00 0 
b75c0000-b75c3000 r-xp 00000000 08:07 421477     /lib/i386-linux-gnu/libdl-2.19.so
b75c3000-b75c4000 r--p 00002000 08:07 421477     /lib/i386-linux-gnu/libdl-2.19.so
b75c4000-b75c5000 rw-p 00003000 08:07 421477     /lib/i386-linux-gnu/libdl-2.19.so
b75c5000-b776d000 r-xp 00000000 08:07 421476     /lib/i386-linux-gnu/libc-2.19.so
b776d000-b776f000 r--p 001a8000 08:07 421476     /lib/i386-linux-gnu/libc-2.19.so
b776f000-b7770000 rw-p 001aa000 08:07 421476     /lib/i386-linux-gnu/libc-2.19.so
b7770000-b7773000 rw-p 00000000 00:00 0 
b7773000-b7774000 r--s 00002000 08:07 1440282    /usr/lib/jvm/java-7-openjdk-i386/jre/lib/ext/dnsns.jar
b7774000-b7778000 r--s 00034000 08:07 1440287    /usr/lib/jvm/java-7-openjdk-i386/jre/lib/ext/sunjce_provider.jar
b7778000-b7779000 r--p 002c5000 08:07 1317548    /usr/lib/locale/locale-archive
b7779000-b777a000 rw-p 00000000 00:00 0 
b777a000-b777b000 r--p 00000000 00:00 0 
b777b000-b7789000 r-xp 00000000 08:07 1440331    /usr/lib/jvm/java-7-openjdk-i386/jre/lib/i386/libverify.so
b7789000-b778a000 r--p 0000d000 08:07 1440331    /usr/lib/jvm/java-7-openjdk-i386/jre/lib/i386/libverify.so
b778a000-b778b000 rw-p 0000e000 08:07 1440331    /usr/lib/jvm/java-7-openjdk-i386/jre/lib/i386/libverify.so
b778b000-b7797000 r-xp 00000000 08:07 1440339    /usr/lib/jvm/java-7-openjdk-i386/jre/lib/i386/jli/libjli.so
b7797000-b7798000 r--p 0000c000 08:07 1440339    /usr/lib/jvm/java-7-openjdk-i386/jre/lib/i386/jli/libjli.so
b7798000-b7799000 rw-p 0000d000 08:07 1440339    /usr/lib/jvm/java-7-openjdk-i386/jre/lib/i386/jli/libjli.so
b7799000-b779c000 rw-p 00000000 00:00 0 
b779c000-b779d000 r-xp 00000000 00:00 0          [vdso]
b779d000-b77bd000 r-xp 00000000 08:07 421478     /lib/i386-linux-gnu/ld-2.19.so
b77bd000-b77be000 r--p 0001f000 08:07 421478     /lib/i386-linux-gnu/ld-2.19.so
b77be000-b77bf000 rw-p 00020000 08:07 421478     /lib/i386-linux-gnu/ld-2.19.so
bfdd0000-bfdd1000 rwxp 00000000 00:00 0 
bfe03000-bfe24000 rw-p 00000000 00:00 0          [stack]

VM Arguments:
jvm_args: -Dfile.encoding=UTF-8 
java_command: views.users.UserRecord
Launcher Type: SUN_STANDARD

Environment Variables:
PATH=/usr/local/sbin:/usr/local/bin:/usr/sbin:/usr/bin:/sbin:/bin:/usr/games:/usr/local/games:/home/nguyen/.rvm/bin
USERNAME=nguyen
LD_LIBRARY_PATH=/usr/lib/jvm/java-7-openjdk-i386/jre/lib/i386/server:/usr/lib/jvm/java-7-openjdk-i386/jre/lib/i386:/usr/lib/jvm/java-7-openjdk-i386/jre/../lib/i386:/usr/lib/jvm/java-7-openjdk-i386/jre/lib/i386/client:/usr/lib/jvm/java-7-openjdk-i386/jre/lib/i386:
SHELL=/bin/bash
DISPLAY=:0

Signal Handlers:
SIGSEGV: [libjvm.so+0x80a5e0], sa_mask[0]=0x7ffbfeff, sa_flags=0x10000004
SIGBUS: [libjvm.so+0x80a5e0], sa_mask[0]=0x7ffbfeff, sa_flags=0x10000004
SIGFPE: [libjvm.so+0x6844f0], sa_mask[0]=0x7ffbfeff, sa_flags=0x10000004
SIGPIPE: [libjvm.so+0x6844f0], sa_mask[0]=0x7ffbfeff, sa_flags=0x10000004
SIGXFSZ: [libjvm.so+0x6844f0], sa_mask[0]=0x7ffbfeff, sa_flags=0x10000004
SIGILL: [libjvm.so+0x6844f0], sa_mask[0]=0x7ffbfeff, sa_flags=0x10000004
SIGUSR1: SIG_DFL, sa_mask[0]=0x00000000, sa_flags=0x00000000
SIGUSR2: [libjvm.so+0x684380], sa_mask[0]=0x00000004, sa_flags=0x10000004
SIGHUP: [libjvm.so+0x6845b0], sa_mask[0]=0x7ffbfeff, sa_flags=0x10000004
SIGINT: [libjvm.so+0x6845b0], sa_mask[0]=0x7ffbfeff, sa_flags=0x10000004
SIGTERM: [libjvm.so+0x6845b0], sa_mask[0]=0x7ffbfeff, sa_flags=0x10000004
SIGQUIT: [libjvm.so+0x6845b0], sa_mask[0]=0x7ffbfeff, sa_flags=0x10000004
SIGTRAP: SIG_DFL, sa_mask[0]=0x00000000, sa_flags=0x00000000


---------------  S Y S T E M  ---------------

OS:LinuxMint 17.1 (rebecca)
uname:Linux 3.13.0-37-generic #64-Ubuntu SMP Mon Sep 22 21:30:01 UTC 2014 i686
libc:glibc 2.19 NPTL 2.19 
rlimit: STACK 8192k, CORE 0k, NPROC 15255, NOFILE 4096, AS infinity
load average:5,44 1,83 1,00

/proc/meminfo:
MemTotal:        1980712 kB
MemFree:          761476 kB
Buffers:           16936 kB
Cached:           204220 kB
SwapCached:       105448 kB
Active:           447956 kB
Inactive:         684496 kB
Active(anon):     364264 kB
Inactive(anon):   567316 kB
Active(file):      83692 kB
Inactive(file):   117180 kB
Unevictable:           0 kB
Mlocked:               0 kB
HighTotal:       1099720 kB
HighFree:         396708 kB
LowTotal:         880992 kB
LowFree:          364768 kB
SwapTotal:       3998716 kB
SwapFree:        3628172 kB
Dirty:              1532 kB
Writeback:             0 kB
AnonPages:        836456 kB
Mapped:            59424 kB
Shmem:             19960 kB
Slab:              43044 kB
SReclaimable:      20112 kB
SUnreclaim:        22932 kB
KernelStack:        5208 kB
PageTables:         6460 kB
NFS_Unstable:          0 kB
Bounce:                0 kB
WritebackTmp:          0 kB
CommitLimit:     4989072 kB
Committed_AS:    2707880 kB
VmallocTotal:     122880 kB
VmallocUsed:       22684 kB
VmallocChunk:      84880 kB
HardwareCorrupted:     0 kB
AnonHugePages:    534528 kB
HugePages_Total:       0
HugePages_Free:        0
HugePages_Rsvd:        0
HugePages_Surp:        0
Hugepagesize:       2048 kB
DirectMap4k:       26616 kB
DirectMap2M:      886784 kB


CPU:total 4 (2 cores per cpu, 2 threads per core) family 6 model 37 stepping 5, cmov, cx8, fxsr, mmx, sse, sse2, sse3, ssse3, sse4.1, sse4.2, popcnt, ht, tsc, tscinvbit

/proc/cpuinfo:
processor	: 0
vendor_id	: GenuineIntel
cpu family	: 6
model		: 37
model name	: Intel(R) Core(TM) i3 CPU       M 370  @ 2.40GHz
stepping	: 5
microcode	: 0x2
cpu MHz		: 2399.000
cache size	: 3072 KB
physical id	: 0
siblings	: 4
core id		: 0
cpu cores	: 2
apicid		: 0
initial apicid	: 0
fdiv_bug	: no
f00f_bug	: no
coma_bug	: no
fpu		: yes
fpu_exception	: yes
cpuid level	: 11
wp		: yes
flags		: fpu vme de pse tsc msr pae mce cx8 apic sep mtrr pge mca cmov pat pse36 clflush dts acpi mmx fxsr sse sse2 ss ht tm pbe nx rdtscp lm constant_tsc arch_perfmon pebs bts xtopology nonstop_tsc aperfmperf pni dtes64 monitor ds_cpl vmx est tm2 ssse3 cx16 xtpr pdcm pcid sse4_1 sse4_2 popcnt lahf_lm arat dtherm tpr_shadow vnmi flexpriority ept vpid
bogomips	: 4787.70
clflush size	: 64
cache_alignment	: 64
address sizes	: 36 bits physical, 48 bits virtual
power management:

processor	: 1
vendor_id	: GenuineIntel
cpu family	: 6
model		: 37
model name	: Intel(R) Core(TM) i3 CPU       M 370  @ 2.40GHz
stepping	: 5
microcode	: 0x2
cpu MHz		: 2399.000
cache size	: 3072 KB
physical id	: 0
siblings	: 4
core id		: 2
cpu cores	: 2
apicid		: 4
initial apicid	: 4
fdiv_bug	: no
f00f_bug	: no
coma_bug	: no
fpu		: yes
fpu_exception	: yes
cpuid level	: 11
wp		: yes
flags		: fpu vme de pse tsc msr pae mce cx8 apic sep mtrr pge mca cmov pat pse36 clflush dts acpi mmx fxsr sse sse2 ss ht tm pbe nx rdtscp lm constant_tsc arch_perfmon pebs bts xtopology nonstop_tsc aperfmperf pni dtes64 monitor ds_cpl vmx est tm2 ssse3 cx16 xtpr pdcm pcid sse4_1 sse4_2 popcnt lahf_lm arat dtherm tpr_shadow vnmi flexpriority ept vpid
bogomips	: 4787.70
clflush size	: 64
cache_alignment	: 64
address sizes	: 36 bits physical, 48 bits virtual
power management:

processor	: 2
vendor_id	: GenuineIntel
cpu family	: 6
model		: 37
model name	: Intel(R) Core(TM) i3 CPU       M 370  @ 2.40GHz
stepping	: 5
microcode	: 0x2
cpu MHz		: 2399.000
cache size	: 3072 KB
physical id	: 0
siblings	: 4
core id		: 0
cpu cores	: 2
apicid		: 1
initial apicid	: 1
fdiv_bug	: no
f00f_bug	: no
coma_bug	: no
fpu		: yes
fpu_exception	: yes
cpuid level	: 11
wp		: yes
flags		: fpu vme de pse tsc msr pae mce cx8 apic sep mtrr pge mca cmov pat pse36 clflush dts acpi mmx fxsr sse sse2 ss ht tm pbe nx rdtscp lm constant_tsc arch_perfmon pebs bts xtopology nonstop_tsc aperfmperf pni dtes64 monitor ds_cpl vmx est tm2 ssse3 cx16 xtpr pdcm pcid sse4_1 sse4_2 popcnt lahf_lm arat dtherm tpr_shadow vnmi flexpriority ept vpid
bogomips	: 4787.70
clflush size	: 64
cache_alignment	: 64
address sizes	: 36 bits physical, 48 bits virtual
power management:

processor	: 3
vendor_id	: GenuineIntel
cpu family	: 6
model		: 37
model name	: Intel(R) Core(TM) i3 CPU       M 370  @ 2.40GHz
stepping	: 5
microcode	: 0x2
cpu MHz		: 2399.000
cache size	: 3072 KB
physical id	: 0
siblings	: 4
core id		: 2
cpu cores	: 2
apicid		: 5
initial apicid	: 5
fdiv_bug	: no
f00f_bug	: no
coma_bug	: no
fpu		: yes
fpu_exception	: yes
cpuid level	: 11
wp		: yes
flags		: fpu vme de pse tsc msr pae mce cx8 apic sep mtrr pge mca cmov pat pse36 clflush dts acpi mmx fxsr sse sse2 ss ht tm pbe nx rdtscp lm constant_tsc arch_perfmon pebs bts xtopology nonstop_tsc aperfmperf pni dtes64 monitor ds_cpl vmx est tm2 ssse3 cx16 xtpr pdcm pcid sse4_1 sse4_2 popcnt lahf_lm arat dtherm tpr_shadow vnmi flexpriority ept vpid
bogomips	: 4787.70
clflush size	: 64
cache_alignment	: 64
address sizes	: 36 bits physical, 48 bits virtual
power management:



Memory: 4k page, physical 1980712k(761476k free), swap 3998716k(3628172k free)

vm_info: OpenJDK Server VM (24.65-b04) for linux-x86 JRE (1.7.0_65-b32), built on Oct 22 2014 04:44:59 by "buildd" with gcc 4.8.2

time: Tue Oct 13 18:00:00 2015
elapsed time: 4972 seconds

