#
# A fatal error has been detected by the Java Runtime Environment:
#
#  SIGSEGV (0xb) at pc=0xb341569d, pid=13506, tid=2277239616
#
# JRE version: OpenJDK Runtime Environment (7.0_65-b32) (build 1.7.0_65-b32)
# Java VM: OpenJDK Server VM (24.65-b04 mixed mode linux-x86 )
# Derivative: IcedTea 2.5.3
# Distribution: Ubuntu 14.04 LTS, package 7u71-2.5.3-0ubuntu0.14.04.1
# Problematic frame:
# v  ~BufferBlob::jni_fast_GetLongField
#
# Failed to write core dump. Core dumps have been disabled. To enable core dumping, try "ulimit -c unlimited" before starting Java again
#
# If you would like to submit a bug report, please include
# instructions on how to reproduce the bug and visit:
#   http://icedtea.classpath.org/bugzilla
# The crash happened outside the Java Virtual Machine in native code.
# See problematic frame for where to report the bug.
#

---------------  T H R E A D  ---------------

Current thread (0x886c2c00):  JavaThread "AWT-XAWT" daemon [_thread_in_native, id=13527, stack(0x87b6e000,0x87bbf000)]

siginfo:si_signo=SIGSEGV: si_errno=0, si_code=1 (SEGV_MAPERR), si_addr=0x00000000

Registers:
EAX=0x00000000, EBX=0x8904b000, ECX=0x0000000e, EDX=0x00000000
ESP=0x87bbde18, EBP=0x87bbde68, ESI=0x00000042, EDI=0x886c2d28
EIP=0xb341569d, EFLAGS=0x00010246, CR2=0x00000000

Top of Stack: (sp=0x87bbde18)
0x87bbde18:   00000000 8901d823 886c2d28 00000000
0x87bbde28:   00000042 b774e000 b774e000 00000000
0x87bbde38:   88659f9c 886c2d28 88659f9c 886ca228
0x87bbde48:   87bbde68 8901d8f4 b713d120 00010002
0x87bbde58:   8901d7ff 88542000 b6406048 00000000
0x87bbde68:   886ca580 8846ee18 886ca580 00000000
0x87bbde78:   00000000 88542000 886ca660 88659480
0x87bbde88:   8846edb9 88542000 886ca9b8 05600003 

Instructions: (pc=0xb341569d)
0xb341567d:   00 00 00 56 8b 0d a4 82 15 b7 f6 c1 01 0f 85 30
0xb341568d:   00 00 00 8b c1 83 e0 01 8b 54 04 0c 8b 74 24 10
0xb341569d:   8b 12 c1 ee 02 8b 04 32 8b 54 32 04 be a4 82 15
0xb34156ad:   b7 33 f2 33 f0 33 f2 33 f0 3b 0e 0f 85 02 00 00 

Register to memory mapping:

EAX=0x00000000 is an unknown value
EBX=0x8904b000: <offset 0x49000> in /usr/lib/jvm/java-7-openjdk-i386/jre/lib/i386/xawt/libmawt.so at 0x89002000
ECX=0x0000000e is an unknown value
EDX=0x00000000 is an unknown value
ESP=0x87bbde18 is pointing into the stack for thread: 0x886c2c00
EBP=0x87bbde68 is pointing into the stack for thread: 0x886c2c00
ESI=0x00000042 is an unknown value
EDI=0x886c2d28 is an unknown value


Stack: [0x87b6e000,0x87bbf000],  sp=0x87bbde18,  free space=319k
Native frames: (J=compiled Java code, j=interpreted, Vv=VM code, C=native code)
v  ~BufferBlob::jni_fast_GetLongField

Java frames: (J=compiled Java code, j=interpreted, Vv=VM code)
j  sun.awt.X11.XlibWrapper.XFilterEvent(JJ)Z+0
j  sun.awt.X11.XToolkit.run(Z)V+300
j  sun.awt.X11.XToolkit.run()V+5
j  java.lang.Thread.run()V+11
v  ~StubRoutines::call_stub

---------------  P R O C E S S  ---------------

Java Threads: ( => current thread )
  0x8ab00800 JavaThread "XToolkt-Shutdown-Thread" [_thread_in_vm, id=24208, stack(0x875af000,0x87600000)]
  0x88e45c00 JavaThread "SIGTERM handler" daemon [_thread_blocked, id=24202, stack(0x8780c000,0x8785d000)]
  0x877b1800 JavaThread "TimerQueue" daemon [_thread_blocked, id=13533, stack(0x8785d000,0x878ae000)]
  0x88e5c400 JavaThread "Abandoned connection cleanup thread" daemon [_thread_blocked, id=13530, stack(0x87a7b000,0x87acc000)]
  0xb6407800 JavaThread "DestroyJavaVM" [_thread_blocked, id=13513, stack(0xb655c000,0xb65ad000)]
  0x886c6000 JavaThread "AWT-EventQueue-0" [_thread_blocked, id=13529, stack(0x87acc000,0x87b1d000)]
  0x886c4c00 JavaThread "AWT-Shutdown" [_thread_blocked, id=13528, stack(0x87b1d000,0x87b6e000)]
=>0x886c2c00 JavaThread "AWT-XAWT" daemon [_thread_in_native, id=13527, stack(0x87b6e000,0x87bbf000)]
  0x886b1c00 JavaThread "Java2D Disposer" daemon [_thread_blocked, id=13526, stack(0x87bdd000,0x87c2e000)]
  0x88f9e000 JavaThread "Service Thread" daemon [_thread_blocked, id=13524, stack(0x8879b000,0x887ec000)]
  0x88f9c000 JavaThread "C2 CompilerThread1" daemon [_thread_blocked, id=13523, stack(0x887ec000,0x8886d000)]
  0x88f9a000 JavaThread "C2 CompilerThread0" daemon [_thread_blocked, id=13522, stack(0x8886d000,0x888ee000)]
  0x88f98800 JavaThread "Signal Dispatcher" daemon [_thread_blocked, id=13521, stack(0x888ee000,0x8893f000)]
  0x88f85400 JavaThread "Finalizer" daemon [_thread_blocked, id=13520, stack(0x88caf000,0x88d00000)]
  0x88f83c00 JavaThread "Reference Handler" daemon [_thread_blocked, id=13519, stack(0x8aa2e000,0x8aa7f000)]

Other Threads:
  0x88f81400 VMThread [stack: 0x8904e000,0x890cf000] [id=13518]
  0x88fa0000 WatcherThread [stack: 0x8871a000,0x8879b000] [id=13525]

VM state:not at safepoint (normal execution)

VM Mutex/Monitor currently owned by a thread: None

Heap
 PSYoungGen      total 17152K, used 6547K [0xa8840000, 0xa9a40000, 0xb3300000)
  eden space 15872K, 33% used [0xa8840000,0xa8d66e10,0xa97c0000)
  from space 1280K, 99% used [0xa9900000,0xa9a3e080,0xa9a40000)
  to   space 1280K, 0% used [0xa97c0000,0xa97c0000,0xa9900000)
 ParOldGen       total 20480K, used 2502K [0x93300000, 0x94700000, 0xa8840000)
  object space 20480K, 12% used [0x93300000,0x93571a30,0x94700000)
 PSPermGen       total 16384K, used 10841K [0x8b300000, 0x8c300000, 0x93300000)
  object space 16384K, 66% used [0x8b300000,0x8bd967d0,0x8c300000)

Card table byte_map: [0x8b1bf000,0x8b300000] byte_map_base: 0x8ad65800

Polling page: 0xb7759000

Code Cache  [0xb33ce000, 0xb360e000, 0xb63ce000)
 total_blobs=320 nmethods=79 adapters=195 free_code_cache=48702Kb largest_free_block=49847872

Compilation events (10 events):
Event: 3066,856 Thread 0x88f9a000   74             java.util.TreeMap::getEntry (84 bytes)
Event: 3066,876 Thread 0x88f9a000 nmethod 74 0xb3438808 code [0xb3438900, 0xb3438a30]
Event: 4152,485 Thread 0x88f9c000   75   !         sun.awt.X11.XToolkit::callTimeoutTasks (220 bytes)
Event: 4152,497 Thread 0x88f9c000 nmethod 75 0xb3438188 code [0xb34382c0, 0xb34384c4]
Event: 4460,792 Thread 0x88f9a000   76             sun.awt.X11.Native::getInt (8 bytes)
Event: 4460,793 Thread 0x88f9a000 nmethod 76 0xb343c448 code [0xb343c540, 0xb343c590]
Event: 4509,979 Thread 0x88f9c000   77             sun.awt.X11.XEvent::get_type (18 bytes)
Event: 4509,983 Thread 0x88f9c000 nmethod 77 0xb3440ac8 code [0xb3440c00, 0xb3440da4]
Event: 4611,964 Thread 0x88f9a000   78   !         sun.awt.X11.XToolkit::getNextTaskTime (55 bytes)
Event: 4611,968 Thread 0x88f9a000 nmethod 78 0xb3440448 code [0xb3440580, 0xb3440764]

GC Heap History (4 events):
Event: 0,800 GC heap before
{Heap before GC invocations=1 (full 0):
 PSYoungGen      total 9216K, used 7936K [0xa8840000, 0xa9280000, 0xb3300000)
  eden space 7936K, 100% used [0xa8840000,0xa9000000,0xa9000000)
  from space 1280K, 0% used [0xa9140000,0xa9140000,0xa9280000)
  to   space 1280K, 0% used [0xa9000000,0xa9000000,0xa9140000)
 ParOldGen       total 20480K, used 0K [0x93300000, 0x94700000, 0xa8840000)
  object space 20480K, 0% used [0x93300000,0x93300000,0x94700000)
 PSPermGen       total 16384K, used 7115K [0x8b300000, 0x8c300000, 0x93300000)
  object space 16384K, 43% used [0x8b300000,0x8b9f2ff8,0x8c300000)
Event: 0,815 GC heap after
Heap after GC invocations=1 (full 0):
 PSYoungGen      total 9216K, used 1272K [0xa8840000, 0xa9a40000, 0xb3300000)
  eden space 7936K, 0% used [0xa8840000,0xa8840000,0xa9000000)
  from space 1280K, 99% used [0xa9000000,0xa913e080,0xa9140000)
  to   space 1280K, 0% used [0xa9900000,0xa9900000,0xa9a40000)
 ParOldGen       total 20480K, used 1697K [0x93300000, 0x94700000, 0xa8840000)
  object space 20480K, 8% used [0x93300000,0x934a84d0,0x94700000)
 PSPermGen       total 16384K, used 7115K [0x8b300000, 0x8c300000, 0x93300000)
  object space 16384K, 43% used [0x8b300000,0x8b9f2ff8,0x8c300000)
}
Event: 3,038 GC heap before
{Heap before GC invocations=2 (full 0):
 PSYoungGen      total 9216K, used 5921K [0xa8840000, 0xa9a40000, 0xb3300000)
  eden space 7936K, 58% used [0xa8840000,0xa8cca6a8,0xa9000000)
  from space 1280K, 99% used [0xa9000000,0xa913e080,0xa9140000)
  to   space 1280K, 0% used [0xa9900000,0xa9900000,0xa9a40000)
 ParOldGen       total 20480K, used 1697K [0x93300000, 0x94700000, 0xa8840000)
  object space 20480K, 8% used [0x93300000,0x934a84d0,0x94700000)
 PSPermGen       total 16384K, used 10803K [0x8b300000, 0x8c300000, 0x93300000)
  object space 16384K, 65% used [0x8b300000,0x8bd8cde0,0x8c300000)
Event: 3,044 GC heap after
Heap after GC invocations=2 (full 0):
 PSYoungGen      total 17152K, used 1272K [0xa8840000, 0xa9a40000, 0xb3300000)
  eden space 15872K, 0% used [0xa8840000,0xa8840000,0xa97c0000)
  from space 1280K, 99% used [0xa9900000,0xa9a3e080,0xa9a40000)
  to   space 1280K, 0% used [0xa97c0000,0xa97c0000,0xa9900000)
 ParOldGen       total 20480K, used 2502K [0x93300000, 0x94700000, 0xa8840000)
  object space 20480K, 12% used [0x93300000,0x93571a30,0x94700000)
 PSPermGen       total 16384K, used 10803K [0x8b300000, 0x8c300000, 0x93300000)
  object space 16384K, 65% used [0x8b300000,0x8bd8cde0,0x8c300000)
}

Deoptimization events (4 events):
Event: 0,691 Thread 0x886c6000 Uncommon trap: reason=class_check action=maybe_recompile pc=0xb34232cc method=java.util.Properties$LineReader.readLine()I @ 62
Event: 0,692 Thread 0x886c6000 Uncommon trap: reason=class_check action=maybe_recompile pc=0xb34232cc method=java.util.Properties$LineReader.readLine()I @ 62
Event: 0,692 Thread 0x886c6000 Uncommon trap: reason=class_check action=maybe_recompile pc=0xb34232cc method=java.util.Properties$LineReader.readLine()I @ 62
Event: 0,692 Thread 0x886c6000 Uncommon trap: reason=class_check action=maybe_recompile pc=0xb34232cc method=java.util.Properties$LineReader.readLine()I @ 62

Internal exceptions (10 events):
Event: 0,901 Thread 0x886c6000 Threw 0xa88d4078 at /build/buildd/openjdk-7-7u71-2.5.3/build/openjdk/hotspot/src/share/vm/prims/jvm.cpp:1284
Event: 0,901 Thread 0x886c6000 Threw 0xa88d7290 at /build/buildd/openjdk-7-7u71-2.5.3/build/openjdk/hotspot/src/share/vm/prims/jvm.cpp:1284
Event: 0,914 Thread 0x886c6000 Threw 0xa88eae90 at /build/buildd/openjdk-7-7u71-2.5.3/build/openjdk/hotspot/src/share/vm/prims/jvm.cpp:1284
Event: 0,923 Thread 0x886c6000 Threw 0xa88f8878 at /build/buildd/openjdk-7-7u71-2.5.3/build/openjdk/hotspot/src/share/vm/prims/jvm.cpp:1284
Event: 0,927 Thread 0x886c6000 Threw 0xa88fc850 at /build/buildd/openjdk-7-7u71-2.5.3/build/openjdk/hotspot/src/share/vm/prims/jvm.cpp:1284
Event: 0,928 Thread 0x886c6000 Threw 0xa8900cd0 at /build/buildd/openjdk-7-7u71-2.5.3/build/openjdk/hotspot/src/share/vm/prims/jvm.cpp:1284
Event: 0,929 Thread 0x886c6000 Threw 0xa890c6c8 at /build/buildd/openjdk-7-7u71-2.5.3/build/openjdk/hotspot/src/share/vm/prims/jvm.cpp:1284
Event: 0,931 Thread 0x886c6000 Threw 0xa8911078 at /build/buildd/openjdk-7-7u71-2.5.3/build/openjdk/hotspot/src/share/vm/prims/jvm.cpp:1284
Event: 0,934 Thread 0x886c6000 Threw 0xa8919088 at /build/buildd/openjdk-7-7u71-2.5.3/build/openjdk/hotspot/src/share/vm/prims/jvm.cpp:1284
Event: 0,936 Thread 0x886c6000 Threw 0xa8923b18 at /build/buildd/openjdk-7-7u71-2.5.3/build/openjdk/hotspot/src/share/vm/prims/jvm.cpp:1284

Events (10 events):
Event: 10,112 loading class 0x8a91cbb8 done
Event: 10,113 loading class 0x88623918
Event: 10,113 loading class 0x88623918 done
Event: 4640,500 loading class 0x88fe7688
Event: 4643,401 loading class 0x88fe7688 done
Event: 4643,401 loading class 0x88fe9088
Event: 4643,821 loading class 0x88fe9088 done
Event: 4835,634 loading class 0x8a91cb88
Event: 4835,920 loading class 0x8a91cb88 done
Event: 4840,065 loading class 0x8ae6db60


Dynamic libraries:
08048000-08049000 r-xp 00000000 08:07 1440232    /usr/lib/jvm/java-7-openjdk-i386/jre/bin/java
08049000-0804a000 r--p 00000000 08:07 1440232    /usr/lib/jvm/java-7-openjdk-i386/jre/bin/java
0804a000-0804b000 rw-p 00001000 08:07 1440232    /usr/lib/jvm/java-7-openjdk-i386/jre/bin/java
087c4000-087e5000 rw-p 00000000 00:00 0          [heap]
8704d000-87409000 rw-s 00000000 00:04 62324768   /SYSV00000000 (deleted)
875af000-875b2000 ---p 00000000 00:00 0 
875b2000-87600000 rw-p 00000000 00:00 0          [stack:24208]
87600000-87643000 rw-p 00000000 00:00 0 
87643000-87700000 ---p 00000000 00:00 0 
87700000-877da000 rw-p 00000000 00:00 0 
877da000-87800000 ---p 00000000 00:00 0 
8780c000-8780f000 ---p 00000000 00:00 0 
8780f000-8785d000 rw-p 00000000 00:00 0          [stack:24202]
8785d000-87860000 ---p 00000000 00:00 0 
87860000-878ae000 rw-p 00000000 00:00 0          [stack:13533]
878ae000-878fd000 r-xp 00000000 08:07 1440302    /usr/lib/jvm/java-7-openjdk-i386/jre/lib/i386/libfontmanager.so
878fd000-878ff000 r--p 0004e000 08:07 1440302    /usr/lib/jvm/java-7-openjdk-i386/jre/lib/i386/libfontmanager.so
878ff000-87900000 rw-p 00050000 08:07 1440302    /usr/lib/jvm/java-7-openjdk-i386/jre/lib/i386/libfontmanager.so
87900000-879f1000 rw-p 00000000 00:00 0 
879f1000-87a00000 ---p 00000000 00:00 0 
87a4f000-87a66000 r-xp 00000000 08:07 1440324    /usr/lib/jvm/java-7-openjdk-i386/jre/lib/i386/libnet.so
87a66000-87a67000 r--p 00016000 08:07 1440324    /usr/lib/jvm/java-7-openjdk-i386/jre/lib/i386/libnet.so
87a67000-87a68000 rw-p 00017000 08:07 1440324    /usr/lib/jvm/java-7-openjdk-i386/jre/lib/i386/libnet.so
87a68000-87a79000 r-xp 00000000 08:07 1440325    /usr/lib/jvm/java-7-openjdk-i386/jre/lib/i386/libnio.so
87a79000-87a7a000 r--p 00010000 08:07 1440325    /usr/lib/jvm/java-7-openjdk-i386/jre/lib/i386/libnio.so
87a7a000-87a7b000 rw-p 00011000 08:07 1440325    /usr/lib/jvm/java-7-openjdk-i386/jre/lib/i386/libnio.so
87a7b000-87a7e000 ---p 00000000 00:00 0 
87a7e000-87acc000 rw-p 00000000 00:00 0          [stack:13530]
87acc000-87acf000 ---p 00000000 00:00 0 
87acf000-87b1d000 rw-p 00000000 00:00 0          [stack:13529]
87b1d000-87b20000 ---p 00000000 00:00 0 
87b20000-87b6e000 rw-p 00000000 00:00 0          [stack:13528]
87b6e000-87b71000 ---p 00000000 00:00 0 
87b71000-87bbf000 rw-p 00000000 00:00 0          [stack:13527]
87bbf000-87bc3000 r-xp 00000000 08:07 1314943    /usr/lib/i386-linux-gnu/libXfixes.so.3.1.0
87bc3000-87bc4000 r--p 00003000 08:07 1314943    /usr/lib/i386-linux-gnu/libXfixes.so.3.1.0
87bc4000-87bc5000 rw-p 00004000 08:07 1314943    /usr/lib/i386-linux-gnu/libXfixes.so.3.1.0
87bc5000-87bca000 r--s 0004c000 08:07 1440263    /usr/lib/jvm/java-7-openjdk-i386/jre/lib/jsse.jar
87bca000-87bd4000 r--s 00203000 08:07 1440252    /usr/lib/jvm/java-7-openjdk-i386/jre/lib/charsets.jar
87bd4000-87bdd000 r--s 000e2000 08:07 1059755    /home/nguyen/workspace/EmployeeManagementSystem/libs/mysql-connector-java-5.1.34-bin.jar
87bdd000-87be0000 ---p 00000000 00:00 0 
87be0000-87c2e000 rw-p 00000000 00:00 0          [stack:13526]
87c2e000-87c31000 r-xp 00000000 08:07 393496     /lib/i386-linux-gnu/libgpg-error.so.0.10.0
87c31000-87c32000 r--p 00002000 08:07 393496     /lib/i386-linux-gnu/libgpg-error.so.0.10.0
87c32000-87c33000 rw-p 00003000 08:07 393496     /lib/i386-linux-gnu/libgpg-error.so.0.10.0
87c33000-87c6f000 r-xp 00000000 08:07 393567     /lib/i386-linux-gnu/libpcre.so.3.13.1
87c6f000-87c70000 r--p 0003b000 08:07 393567     /lib/i386-linux-gnu/libpcre.so.3.13.1
87c70000-87c71000 rw-p 0003c000 08:07 393567     /lib/i386-linux-gnu/libpcre.so.3.13.1
87c71000-87c97000 r-xp 00000000 08:07 393579     /lib/i386-linux-gnu/libpng12.so.0.50.0
87c97000-87c98000 r--p 00025000 08:07 393579     /lib/i386-linux-gnu/libpng12.so.0.50.0
87c98000-87c99000 rw-p 00026000 08:07 393579     /lib/i386-linux-gnu/libpng12.so.0.50.0
87c99000-87ce2000 r-xp 00000000 08:07 393477     /lib/i386-linux-gnu/libdbus-1.so.3.7.6
87ce2000-87ce3000 r--p 00048000 08:07 393477     /lib/i386-linux-gnu/libdbus-1.so.3.7.6
87ce3000-87ce4000 rw-p 00049000 08:07 393477     /lib/i386-linux-gnu/libdbus-1.so.3.7.6
87ce4000-87d1b000 r-xp 00000000 08:07 1315787    /usr/lib/i386-linux-gnu/libp11-kit.so.0.0.0
87d1b000-87d1c000 ---p 00037000 08:07 1315787    /usr/lib/i386-linux-gnu/libp11-kit.so.0.0.0
87d1c000-87d1f000 r--p 00037000 08:07 1315787    /usr/lib/i386-linux-gnu/libp11-kit.so.0.0.0
87d1f000-87d20000 rw-p 0003a000 08:07 1315787    /usr/lib/i386-linux-gnu/libp11-kit.so.0.0.0
87d20000-87d32000 r-xp 00000000 08:07 1315964    /usr/lib/i386-linux-gnu/libtasn1.so.6.2.0
87d32000-87d33000 r--p 00011000 08:07 1315964    /usr/lib/i386-linux-gnu/libtasn1.so.6.2.0
87d33000-87d34000 rw-p 00012000 08:07 1315964    /usr/lib/i386-linux-gnu/libtasn1.so.6.2.0
87d34000-87db6000 r-xp 00000000 08:07 393492     /lib/i386-linux-gnu/libgcrypt.so.11.8.2
87db6000-87db7000 ---p 00082000 08:07 393492     /lib/i386-linux-gnu/libgcrypt.so.11.8.2
87db7000-87db8000 r--p 00082000 08:07 393492     /lib/i386-linux-gnu/libgcrypt.so.11.8.2
87db8000-87dba000 rw-p 00083000 08:07 393492     /lib/i386-linux-gnu/libgcrypt.so.11.8.2
87dba000-87dbb000 rw-p 00000000 00:00 0 
87dbb000-87dc5000 r-xp 00000000 08:07 1315628    /usr/lib/i386-linux-gnu/libkrb5support.so.0.1
87dc5000-87dc6000 r--p 00009000 08:07 1315628    /usr/lib/i386-linux-gnu/libkrb5support.so.0.1
87dc6000-87dc7000 rw-p 0000a000 08:07 1315628    /usr/lib/i386-linux-gnu/libkrb5support.so.0.1
87dc7000-87df5000 r-xp 00000000 08:07 1315620    /usr/lib/i386-linux-gnu/libk5crypto.so.3.1
87df5000-87df6000 r--p 0002d000 08:07 1315620    /usr/lib/i386-linux-gnu/libk5crypto.so.3.1
87df6000-87df7000 rw-p 0002e000 08:07 1315620    /usr/lib/i386-linux-gnu/libk5crypto.so.3.1
87df7000-87eae000 r-xp 00000000 08:07 1315626    /usr/lib/i386-linux-gnu/libkrb5.so.3.3
87eae000-87eb4000 r--p 000b7000 08:07 1315626    /usr/lib/i386-linux-gnu/libkrb5.so.3.3
87eb4000-87eb5000 rw-p 000bd000 08:07 1315626    /usr/lib/i386-linux-gnu/libkrb5.so.3.3
87eb5000-87eba000 r-xp 00000000 08:07 1314939    /usr/lib/i386-linux-gnu/libXdmcp.so.6.0.0
87eba000-87ebb000 r--p 00004000 08:07 1314939    /usr/lib/i386-linux-gnu/libXdmcp.so.6.0.0
87ebb000-87ebc000 rw-p 00005000 08:07 1314939    /usr/lib/i386-linux-gnu/libXdmcp.so.6.0.0
87ebc000-87edc000 r-xp 00000000 08:07 393594     /lib/i386-linux-gnu/libselinux.so.1
87edc000-87edd000 r--p 0001f000 08:07 393594     /lib/i386-linux-gnu/libselinux.so.1
87edd000-87ede000 rw-p 00020000 08:07 393594     /lib/i386-linux-gnu/libselinux.so.1
87ede000-87edf000 rw-p 00000000 00:00 0 
87edf000-87fe9000 r-xp 00000000 08:07 393494     /lib/i386-linux-gnu/libglib-2.0.so.0.4002.0
87fe9000-87fea000 r--p 00109000 08:07 393494     /lib/i386-linux-gnu/libglib-2.0.so.0.4002.0
87fea000-87feb000 rw-p 0010a000 08:07 393494     /lib/i386-linux-gnu/libglib-2.0.so.0.4002.0
87feb000-88085000 r-xp 00000000 08:07 1315303    /usr/lib/i386-linux-gnu/libfreetype.so.6.11.1
88085000-88086000 ---p 0009a000 08:07 1315303    /usr/lib/i386-linux-gnu/libfreetype.so.6.11.1
88086000-8808a000 r--p 0009a000 08:07 1315303    /usr/lib/i386-linux-gnu/libfreetype.so.6.11.1
8808a000-8808b000 rw-p 0009e000 08:07 1315303    /usr/lib/i386-linux-gnu/libfreetype.so.6.11.1
8808b000-8814c000 r-xp 00000000 08:07 1315395    /usr/lib/i386-linux-gnu/libgnutls.so.26.22.6
8814c000-88150000 r--p 000c0000 08:07 1315395    /usr/lib/i386-linux-gnu/libgnutls.so.26.22.6
88150000-88151000 rw-p 000c4000 08:07 1315395    /usr/lib/i386-linux-gnu/libgnutls.so.26.22.6
88151000-88194000 r-xp 00000000 08:07 1315429    /usr/lib/i386-linux-gnu/libgssapi_krb5.so.2.2
88194000-88195000 r--p 00042000 08:07 1315429    /usr/lib/i386-linux-gnu/libgssapi_krb5.so.2.2
88195000-88196000 rw-p 00043000 08:07 1315429    /usr/lib/i386-linux-gnu/libgssapi_krb5.so.2.2
88196000-881e6000 r-xp 00000000 08:07 1315401    /usr/lib/i386-linux-gnu/libgobject-2.0.so.0.4002.0
881e6000-881e7000 r--p 0004f000 08:07 1315401    /usr/lib/i386-linux-gnu/libgobject-2.0.so.0.4002.0
881e7000-881e8000 rw-p 00050000 08:07 1315401    /usr/lib/i386-linux-gnu/libgobject-2.0.so.0.4002.0
881e8000-88365000 r-xp 00000000 08:07 1315361    /usr/lib/i386-linux-gnu/libgio-2.0.so.0.4002.0
88365000-88367000 r--p 0017d000 08:07 1315361    /usr/lib/i386-linux-gnu/libgio-2.0.so.0.4002.0
88367000-88368000 rw-p 0017f000 08:07 1315361    /usr/lib/i386-linux-gnu/libgio-2.0.so.0.4002.0
88368000-88369000 rw-p 00000000 00:00 0 
88369000-883a2000 r-xp 00000000 08:07 1315275    /usr/lib/i386-linux-gnu/libfontconfig.so.1.8.0
883a2000-883a3000 r--p 00039000 08:07 1315275    /usr/lib/i386-linux-gnu/libfontconfig.so.1.8.0
883a3000-883a4000 rw-p 0003a000 08:07 1315275    /usr/lib/i386-linux-gnu/libfontconfig.so.1.8.0
883a4000-8840b000 r-xp 00000000 08:07 1315133    /usr/lib/i386-linux-gnu/libcups.so.2
8840b000-8840c000 ---p 00067000 08:07 1315133    /usr/lib/i386-linux-gnu/libcups.so.2
8840c000-88410000 r--p 00067000 08:07 1315133    /usr/lib/i386-linux-gnu/libcups.so.2
88410000-88411000 rw-p 0006b000 08:07 1315133    /usr/lib/i386-linux-gnu/libcups.so.2
88411000-88541000 r-xp 00000000 08:07 1314924    /usr/lib/i386-linux-gnu/libX11.so.6.3.0
88541000-88542000 r--p 00130000 08:07 1314924    /usr/lib/i386-linux-gnu/libX11.so.6.3.0
88542000-88544000 rw-p 00131000 08:07 1314924    /usr/lib/i386-linux-gnu/libX11.so.6.3.0
88544000-88545000 rw-p 00000000 00:00 0 
88545000-885d4000 r-xp 00000000 08:07 1440300    /usr/lib/jvm/java-7-openjdk-i386/jre/lib/i386/libawt.so
885d4000-885d5000 r--p 0008f000 08:07 1440300    /usr/lib/jvm/java-7-openjdk-i386/jre/lib/i386/libawt.so
885d5000-885dc000 rw-p 00090000 08:07 1440300    /usr/lib/jvm/java-7-openjdk-i386/jre/lib/i386/libawt.so
885dc000-88600000 rw-p 00000000 00:00 0 
88600000-886d9000 rw-p 00000000 00:00 0 
886d9000-88700000 ---p 00000000 00:00 0 
88702000-88715000 r-xp 00000000 08:07 421491     /lib/i386-linux-gnu/libresolv-2.19.so
88715000-88716000 ---p 00013000 08:07 421491     /lib/i386-linux-gnu/libresolv-2.19.so
88716000-88717000 r--p 00013000 08:07 421491     /lib/i386-linux-gnu/libresolv-2.19.so
88717000-88718000 rw-p 00014000 08:07 421491     /lib/i386-linux-gnu/libresolv-2.19.so
88718000-8871a000 rw-p 00000000 00:00 0 
8871a000-8871b000 ---p 00000000 00:00 0 
8871b000-8879b000 rw-p 00000000 00:00 0          [stack:13525]
8879b000-8879e000 ---p 00000000 00:00 0 
8879e000-887ec000 rw-p 00000000 00:00 0          [stack:13524]
887ec000-887ef000 ---p 00000000 00:00 0 
887ef000-8886d000 rw-p 00000000 00:00 0          [stack:13523]
8886d000-88870000 ---p 00000000 00:00 0 
88870000-888ee000 rw-p 00000000 00:00 0          [stack:13522]
888ee000-888f1000 ---p 00000000 00:00 0 
888f1000-8893f000 rw-p 00000000 00:00 0          [stack:13521]
8893f000-88aaf000 r--p 002c8000 08:07 1317548    /usr/lib/locale/locale-archive
88aaf000-88caf000 r--p 00000000 08:07 1317548    /usr/lib/locale/locale-archive
88caf000-88cb2000 ---p 00000000 00:00 0 
88cb2000-88d00000 rw-p 00000000 00:00 0          [stack:13520]
88d00000-88df1000 rw-p 00000000 00:00 0 
88df1000-88e00000 ---p 00000000 00:00 0 
88e00000-88ef3000 rw-p 00000000 00:00 0 
88ef3000-88f00000 ---p 00000000 00:00 0 
88f00000-88ff7000 rw-p 00000000 00:00 0 
88ff7000-89000000 ---p 00000000 00:00 0 
89002000-8904a000 r-xp 00000000 08:07 1440344    /usr/lib/jvm/java-7-openjdk-i386/jre/lib/i386/xawt/libmawt.so
8904a000-8904b000 r--p 00047000 08:07 1440344    /usr/lib/jvm/java-7-openjdk-i386/jre/lib/i386/xawt/libmawt.so
8904b000-8904d000 rw-p 00048000 08:07 1440344    /usr/lib/jvm/java-7-openjdk-i386/jre/lib/i386/xawt/libmawt.so
8904d000-8904e000 rw-p 00000000 00:00 0 
8904e000-8904f000 ---p 00000000 00:00 0 
8904f000-890cf000 rw-p 00000000 00:00 0          [stack:13518]
890cf000-89280000 r--s 01d25000 08:07 1440273    /usr/lib/jvm/java-7-openjdk-i386/jre/lib/rt.jar
89280000-8a900000 rw-p 00000000 00:00 0 
8a900000-8a9ee000 rw-p 00000000 00:00 0 
8a9ee000-8aa00000 ---p 00000000 00:00 0 
8aa01000-8aa03000 r-xp 00000000 08:07 393506     /lib/i386-linux-gnu/libkeyutils.so.1.4
8aa03000-8aa04000 r--p 00002000 08:07 393506     /lib/i386-linux-gnu/libkeyutils.so.1.4
8aa04000-8aa05000 rw-p 00003000 08:07 393506     /lib/i386-linux-gnu/libkeyutils.so.1.4
8aa05000-8aa2a000 r-xp 00000000 08:07 393485     /lib/i386-linux-gnu/libexpat.so.1.6.0
8aa2a000-8aa2b000 ---p 00025000 08:07 393485     /lib/i386-linux-gnu/libexpat.so.1.6.0
8aa2b000-8aa2d000 r--p 00025000 08:07 393485     /lib/i386-linux-gnu/libexpat.so.1.6.0
8aa2d000-8aa2e000 rw-p 00027000 08:07 393485     /lib/i386-linux-gnu/libexpat.so.1.6.0
8aa2e000-8aa31000 ---p 00000000 00:00 0 
8aa31000-8aa7f000 rw-p 00000000 00:00 0          [stack:13519]
8aa7f000-8aa80000 ---p 00000000 00:00 0 
8aa80000-8ab00000 rw-p 00000000 00:00 0          [stack:13517]
8ab00000-8ab21000 rw-p 00000000 00:00 0 
8ab21000-8ac00000 ---p 00000000 00:00 0 
8ac01000-8ac04000 r-xp 00000000 08:07 393472     /lib/i386-linux-gnu/libcom_err.so.2.1
8ac04000-8ac05000 r--p 00002000 08:07 393472     /lib/i386-linux-gnu/libcom_err.so.2.1
8ac05000-8ac06000 rw-p 00003000 08:07 393472     /lib/i386-linux-gnu/libcom_err.so.2.1
8ac06000-8ac08000 r-xp 00000000 08:07 1314928    /usr/lib/i386-linux-gnu/libXau.so.6.0.0
8ac08000-8ac09000 r--p 00001000 08:07 1314928    /usr/lib/i386-linux-gnu/libXau.so.6.0.0
8ac09000-8ac0a000 rw-p 00002000 08:07 1314928    /usr/lib/i386-linux-gnu/libXau.so.6.0.0
8ac0a000-8ac0f000 r-xp 00000000 08:07 1315241    /usr/lib/i386-linux-gnu/libffi.so.6.0.1
8ac0f000-8ac10000 r--p 00005000 08:07 1315241    /usr/lib/i386-linux-gnu/libffi.so.6.0.1
8ac10000-8ac11000 rw-p 00006000 08:07 1315241    /usr/lib/i386-linux-gnu/libffi.so.6.0.1
8ac11000-8ac14000 r-xp 00000000 08:07 1315377    /usr/lib/i386-linux-gnu/libgmodule-2.0.so.0.4002.0
8ac14000-8ac15000 r--p 00002000 08:07 1315377    /usr/lib/i386-linux-gnu/libgmodule-2.0.so.0.4002.0
8ac15000-8ac16000 rw-p 00003000 08:07 1315377    /usr/lib/i386-linux-gnu/libgmodule-2.0.so.0.4002.0
8ac16000-8ac26000 r-xp 00000000 08:07 1315034    /usr/lib/i386-linux-gnu/libavahi-client.so.3.2.9
8ac26000-8ac27000 r--p 0000f000 08:07 1315034    /usr/lib/i386-linux-gnu/libavahi-client.so.3.2.9
8ac27000-8ac28000 rw-p 00010000 08:07 1315034    /usr/lib/i386-linux-gnu/libavahi-client.so.3.2.9
8ac28000-8ac34000 r-xp 00000000 08:07 1315036    /usr/lib/i386-linux-gnu/libavahi-common.so.3.5.3
8ac34000-8ac35000 r--p 0000b000 08:07 1315036    /usr/lib/i386-linux-gnu/libavahi-common.so.3.5.3
8ac35000-8ac36000 rw-p 0000c000 08:07 1315036    /usr/lib/i386-linux-gnu/libavahi-common.so.3.5.3
8ac36000-8ac7f000 rw-p 00000000 00:00 0 
8ac7f000-8ac80000 ---p 00000000 00:00 0 
8ac80000-8ad00000 rw-p 00000000 00:00 0          [stack:13516]
8ad00000-8ad21000 rw-p 00000000 00:00 0 
8ad21000-8ae00000 ---p 00000000 00:00 0 
8ae02000-8ae22000 r-xp 00000000 08:07 1316113    /usr/lib/i386-linux-gnu/libxcb.so.1.1.0
8ae22000-8ae23000 r--p 0001f000 08:07 1316113    /usr/lib/i386-linux-gnu/libxcb.so.1.1.0
8ae23000-8ae24000 rw-p 00020000 08:07 1316113    /usr/lib/i386-linux-gnu/libxcb.so.1.1.0
8ae24000-8ae7f000 rw-p 00000000 00:00 0 
8ae7f000-8ae80000 ---p 00000000 00:00 0 
8ae80000-8af00000 rw-p 00000000 00:00 0          [stack:13515]
8af00000-8af21000 rw-p 00000000 00:00 0 
8af21000-8b000000 ---p 00000000 00:00 0 
8b001000-8b010000 r-xp 00000000 08:07 1314949    /usr/lib/i386-linux-gnu/libXi.so.6.1.0
8b010000-8b011000 r--p 0000e000 08:07 1314949    /usr/lib/i386-linux-gnu/libXi.so.6.1.0
8b011000-8b012000 rw-p 0000f000 08:07 1314949    /usr/lib/i386-linux-gnu/libXi.so.6.1.0
8b012000-8b017000 r-xp 00000000 08:07 1314967    /usr/lib/i386-linux-gnu/libXtst.so.6.1.0
8b017000-8b018000 r--p 00004000 08:07 1314967    /usr/lib/i386-linux-gnu/libXtst.so.6.1.0
8b018000-8b019000 rw-p 00005000 08:07 1314967    /usr/lib/i386-linux-gnu/libXtst.so.6.1.0
8b019000-8b02a000 r-xp 00000000 08:07 1314941    /usr/lib/i386-linux-gnu/libXext.so.6.4.0
8b02a000-8b02b000 r--p 00010000 08:07 1314941    /usr/lib/i386-linux-gnu/libXext.so.6.4.0
8b02b000-8b02c000 rw-p 00011000 08:07 1314941    /usr/lib/i386-linux-gnu/libXext.so.6.4.0
8b02d000-8b030000 r--s 0001c000 08:07 937978     /home/nguyen/workspace/EmployeeManagementSystem/forms-1.3.0.jar
8b030000-8b039000 r-xp 00000000 08:07 1314935    /usr/lib/i386-linux-gnu/libXcursor.so.1.0.2
8b039000-8b03a000 r--p 00008000 08:07 1314935    /usr/lib/i386-linux-gnu/libXcursor.so.1.0.2
8b03a000-8b03b000 rw-p 00009000 08:07 1314935    /usr/lib/i386-linux-gnu/libXcursor.so.1.0.2
8b03b000-8b044000 r--s 000b9000 08:07 1440271    /usr/lib/jvm/java-7-openjdk-i386/jre/lib/resources.jar
8b044000-8b053000 rw-p 00000000 00:00 0 
8b053000-8b054000 ---p 00000000 00:00 0 
8b054000-8b0dc000 rw-p 00000000 00:00 0          [stack:13514]
8b0dc000-8b114000 rw-p 00000000 00:00 0 
8b114000-8b11e000 rw-p 00000000 00:00 0 
8b11e000-8b1bf000 rw-p 00000000 00:00 0 
8b1bf000-8b1c7000 rw-p 00000000 00:00 0 
8b1c7000-8b1ff000 rw-p 00000000 00:00 0 
8b1ff000-8b209000 rw-p 00000000 00:00 0 
8b209000-8b2a9000 rw-p 00000000 00:00 0 
8b2a9000-8b2b3000 rw-p 00000000 00:00 0 
8b2b3000-8b2ff000 rw-p 00000000 00:00 0 
8b2ff000-8c300000 rw-p 00000000 00:00 0 
8c300000-93300000 rw-p 00000000 00:00 0 
93300000-94700000 rw-p 00000000 00:00 0 
94700000-a8840000 rw-p 00000000 00:00 0 
a8840000-a9a40000 rw-p 00000000 00:00 0 
a9a40000-b3300000 rw-p 00000000 00:00 0 
b3300000-b3303000 r--s 00027000 08:07 1074526    /home/nguyen/workspace/EmployeeManagementSystem/libs/rs2xml.jar
b3303000-b330c000 r-xp 00000000 08:07 1314961    /usr/lib/i386-linux-gnu/libXrender.so.1.3.0
b330c000-b330d000 r--p 00008000 08:07 1314961    /usr/lib/i386-linux-gnu/libXrender.so.1.3.0
b330d000-b330e000 rw-p 00009000 08:07 1314961    /usr/lib/i386-linux-gnu/libXrender.so.1.3.0
b330e000-b3317000 rw-p 00000000 00:00 0 
b3317000-b33ce000 rw-p 00000000 00:00 0 
b33ce000-b360e000 rwxp 00000000 00:00 0 
b360e000-b63ce000 rw-p 00000000 00:00 0 
b63ce000-b63d9000 r-xp 00000000 08:07 421493     /lib/i386-linux-gnu/libnss_files-2.19.so
b63d9000-b63da000 r--p 0000a000 08:07 421493     /lib/i386-linux-gnu/libnss_files-2.19.so
b63da000-b63db000 rw-p 0000b000 08:07 421493     /lib/i386-linux-gnu/libnss_files-2.19.so
b63db000-b63e5000 r-xp 00000000 08:07 421479     /lib/i386-linux-gnu/libnss_nis-2.19.so
b63e5000-b63e6000 r--p 00009000 08:07 421479     /lib/i386-linux-gnu/libnss_nis-2.19.so
b63e6000-b63e7000 rw-p 0000a000 08:07 421479     /lib/i386-linux-gnu/libnss_nis-2.19.so
b63e7000-b63fc000 r-xp 00000000 08:07 421480     /lib/i386-linux-gnu/libnsl-2.19.so
b63fc000-b63fd000 r--p 00015000 08:07 421480     /lib/i386-linux-gnu/libnsl-2.19.so
b63fd000-b63fe000 rw-p 00016000 08:07 421480     /lib/i386-linux-gnu/libnsl-2.19.so
b63fe000-b6400000 rw-p 00000000 00:00 0 
b6400000-b64ff000 rw-p 00000000 00:00 0 
b64ff000-b6500000 ---p 00000000 00:00 0 
b6500000-b6504000 r--s 00085000 08:07 1440286    /usr/lib/jvm/java-7-openjdk-i386/jre/lib/ext/localedata.jar
b6504000-b6507000 r--s 0000f000 08:07 1440283    /usr/lib/jvm/java-7-openjdk-i386/jre/lib/ext/icedtea-sound.jar
b6507000-b6509000 r--s 00006000 08:07 2467       /usr/share/java/java-atk-wrapper.jar
b6509000-b6510000 r-xp 00000000 08:07 421485     /lib/i386-linux-gnu/libnss_compat-2.19.so
b6510000-b6511000 r--p 00006000 08:07 421485     /lib/i386-linux-gnu/libnss_compat-2.19.so
b6511000-b6512000 rw-p 00007000 08:07 421485     /lib/i386-linux-gnu/libnss_compat-2.19.so
b6512000-b6514000 r--s 00012000 08:07 1440289    /usr/lib/jvm/java-7-openjdk-i386/jre/lib/ext/zipfs.jar
b6514000-b6518000 r--s 0003c000 08:07 1440288    /usr/lib/jvm/java-7-openjdk-i386/jre/lib/ext/sunpkcs11.jar
b6518000-b6520000 r-xp 00000000 08:07 1440332    /usr/lib/jvm/java-7-openjdk-i386/jre/lib/i386/libzip.so
b6520000-b6521000 r--p 00007000 08:07 1440332    /usr/lib/jvm/java-7-openjdk-i386/jre/lib/i386/libzip.so
b6521000-b6522000 rw-p 00008000 08:07 1440332    /usr/lib/jvm/java-7-openjdk-i386/jre/lib/i386/libzip.so
b6522000-b652a000 rw-s 00000000 08:07 813978     /tmp/hsperfdata_nguyen/13506
b652a000-b6551000 r-xp 00000000 08:07 1440311    /usr/lib/jvm/java-7-openjdk-i386/jre/lib/i386/libjava.so
b6551000-b6552000 r--p 00026000 08:07 1440311    /usr/lib/jvm/java-7-openjdk-i386/jre/lib/i386/libjava.so
b6552000-b6553000 rw-p 00027000 08:07 1440311    /usr/lib/jvm/java-7-openjdk-i386/jre/lib/i386/libjava.so
b6553000-b655a000 r-xp 00000000 08:07 421494     /lib/i386-linux-gnu/librt-2.19.so
b655a000-b655b000 r--p 00006000 08:07 421494     /lib/i386-linux-gnu/librt-2.19.so
b655b000-b655c000 rw-p 00007000 08:07 421494     /lib/i386-linux-gnu/librt-2.19.so
b655c000-b655f000 ---p 00000000 00:00 0 
b655f000-b65ad000 rw-p 00000000 00:00 0          [stack:13513]
b65ad000-b65c9000 r-xp 00000000 08:07 393490     /lib/i386-linux-gnu/libgcc_s.so.1
b65c9000-b65ca000 rw-p 0001b000 08:07 393490     /lib/i386-linux-gnu/libgcc_s.so.1
b65ca000-b660e000 r-xp 00000000 08:07 421484     /lib/i386-linux-gnu/libm-2.19.so
b660e000-b660f000 r--p 00043000 08:07 421484     /lib/i386-linux-gnu/libm-2.19.so
b660f000-b6610000 rw-p 00044000 08:07 421484     /lib/i386-linux-gnu/libm-2.19.so
b6610000-b66ec000 r-xp 00000000 08:07 1315956    /usr/lib/i386-linux-gnu/libstdc++.so.6.0.19
b66ec000-b66ed000 ---p 000dc000 08:07 1315956    /usr/lib/i386-linux-gnu/libstdc++.so.6.0.19
b66ed000-b66f1000 r--p 000dc000 08:07 1315956    /usr/lib/i386-linux-gnu/libstdc++.so.6.0.19
b66f1000-b66f2000 rw-p 000e0000 08:07 1315956    /usr/lib/i386-linux-gnu/libstdc++.so.6.0.19
b66f2000-b66f9000 rw-p 00000000 00:00 0 
b66f9000-b70e4000 r-xp 00000000 08:07 1440343    /usr/lib/jvm/java-7-openjdk-i386/jre/lib/i386/server/libjvm.so
b70e4000-b70e5000 ---p 009eb000 08:07 1440343    /usr/lib/jvm/java-7-openjdk-i386/jre/lib/i386/server/libjvm.so
b70e5000-b7137000 r--p 009eb000 08:07 1440343    /usr/lib/jvm/java-7-openjdk-i386/jre/lib/i386/server/libjvm.so
b7137000-b714b000 rw-p 00a3d000 08:07 1440343    /usr/lib/jvm/java-7-openjdk-i386/jre/lib/i386/server/libjvm.so
b714b000-b7568000 rw-p 00000000 00:00 0 
b7568000-b7580000 r-xp 00000000 08:07 393627     /lib/i386-linux-gnu/libz.so.1.2.8
b7580000-b7581000 r--p 00017000 08:07 393627     /lib/i386-linux-gnu/libz.so.1.2.8
b7581000-b7582000 rw-p 00018000 08:07 393627     /lib/i386-linux-gnu/libz.so.1.2.8
b7582000-b7583000 rw-p 00000000 00:00 0 
b7583000-b759b000 r-xp 00000000 08:07 421489     /lib/i386-linux-gnu/libpthread-2.19.so
b759b000-b759c000 r--p 00018000 08:07 421489     /lib/i386-linux-gnu/libpthread-2.19.so
b759c000-b759d000 rw-p 00019000 08:07 421489     /lib/i386-linux-gnu/libpthread-2.19.so
b759d000-b759f000 rw-p 00000000 00:00 0 
b759f000-b75a2000 r-xp 00000000 08:07 421477     /lib/i386-linux-gnu/libdl-2.19.so
b75a2000-b75a3000 r--p 00002000 08:07 421477     /lib/i386-linux-gnu/libdl-2.19.so
b75a3000-b75a4000 rw-p 00003000 08:07 421477     /lib/i386-linux-gnu/libdl-2.19.so
b75a4000-b774c000 r-xp 00000000 08:07 421476     /lib/i386-linux-gnu/libc-2.19.so
b774c000-b774e000 r--p 001a8000 08:07 421476     /lib/i386-linux-gnu/libc-2.19.so
b774e000-b774f000 rw-p 001aa000 08:07 421476     /lib/i386-linux-gnu/libc-2.19.so
b774f000-b7752000 rw-p 00000000 00:00 0 
b7752000-b7753000 r--s 00002000 08:07 1440282    /usr/lib/jvm/java-7-openjdk-i386/jre/lib/ext/dnsns.jar
b7753000-b7757000 r--s 00034000 08:07 1440287    /usr/lib/jvm/java-7-openjdk-i386/jre/lib/ext/sunjce_provider.jar
b7757000-b7758000 r--p 002c5000 08:07 1317548    /usr/lib/locale/locale-archive
b7758000-b7759000 rw-p 00000000 00:00 0 
b7759000-b775a000 r--p 00000000 00:00 0 
b775a000-b7768000 r-xp 00000000 08:07 1440331    /usr/lib/jvm/java-7-openjdk-i386/jre/lib/i386/libverify.so
b7768000-b7769000 r--p 0000d000 08:07 1440331    /usr/lib/jvm/java-7-openjdk-i386/jre/lib/i386/libverify.so
b7769000-b776a000 rw-p 0000e000 08:07 1440331    /usr/lib/jvm/java-7-openjdk-i386/jre/lib/i386/libverify.so
b776a000-b7776000 r-xp 00000000 08:07 1440339    /usr/lib/jvm/java-7-openjdk-i386/jre/lib/i386/jli/libjli.so
b7776000-b7777000 r--p 0000c000 08:07 1440339    /usr/lib/jvm/java-7-openjdk-i386/jre/lib/i386/jli/libjli.so
b7777000-b7778000 rw-p 0000d000 08:07 1440339    /usr/lib/jvm/java-7-openjdk-i386/jre/lib/i386/jli/libjli.so
b7778000-b777b000 rw-p 00000000 00:00 0 
b777b000-b777c000 r-xp 00000000 00:00 0          [vdso]
b777c000-b779c000 r-xp 00000000 08:07 421478     /lib/i386-linux-gnu/ld-2.19.so
b779c000-b779d000 r--p 0001f000 08:07 421478     /lib/i386-linux-gnu/ld-2.19.so
b779d000-b779e000 rw-p 00020000 08:07 421478     /lib/i386-linux-gnu/ld-2.19.so
bfdb8000-bfdb9000 rwxp 00000000 00:00 0 
bfdeb000-bfe0c000 rw-p 00000000 00:00 0          [stack]

VM Arguments:
jvm_args: -Dfile.encoding=UTF-8 
java_command: views.users.UserRecord
Launcher Type: SUN_STANDARD

Environment Variables:
PATH=/usr/local/sbin:/usr/local/bin:/usr/sbin:/usr/bin:/sbin:/bin:/usr/games:/usr/local/games:/home/nguyen/.rvm/bin
USERNAME=nguyen
LD_LIBRARY_PATH=/usr/lib/jvm/java-7-openjdk-i386/jre/lib/i386/server:/usr/lib/jvm/java-7-openjdk-i386/jre/lib/i386:/usr/lib/jvm/java-7-openjdk-i386/jre/../lib/i386:/usr/lib/jvm/java-7-openjdk-i386/jre/lib/i386/client:/usr/lib/jvm/java-7-openjdk-i386/jre/lib/i386:
SHELL=/bin/bash
DISPLAY=:0

Signal Handlers:
SIGSEGV: [libjvm.so+0x80a5e0], sa_mask[0]=0x7ffbfeff, sa_flags=0x10000004
SIGBUS: [libjvm.so+0x80a5e0], sa_mask[0]=0x7ffbfeff, sa_flags=0x10000004
SIGFPE: [libjvm.so+0x6844f0], sa_mask[0]=0x7ffbfeff, sa_flags=0x10000004
SIGPIPE: [libjvm.so+0x6844f0], sa_mask[0]=0x7ffbfeff, sa_flags=0x10000004
SIGXFSZ: [libjvm.so+0x6844f0], sa_mask[0]=0x7ffbfeff, sa_flags=0x10000004
SIGILL: [libjvm.so+0x6844f0], sa_mask[0]=0x7ffbfeff, sa_flags=0x10000004
SIGUSR1: SIG_DFL, sa_mask[0]=0x00000000, sa_flags=0x00000000
SIGUSR2: [libjvm.so+0x684380], sa_mask[0]=0x00000004, sa_flags=0x10000004
SIGHUP: [libjvm.so+0x6845b0], sa_mask[0]=0x7ffbfeff, sa_flags=0x10000004
SIGINT: [libjvm.so+0x6845b0], sa_mask[0]=0x7ffbfeff, sa_flags=0x10000004
SIGTERM: [libjvm.so+0x6845b0], sa_mask[0]=0x7ffbfeff, sa_flags=0x10000004
SIGQUIT: [libjvm.so+0x6845b0], sa_mask[0]=0x7ffbfeff, sa_flags=0x10000004
SIGTRAP: SIG_DFL, sa_mask[0]=0x00000000, sa_flags=0x00000000


---------------  S Y S T E M  ---------------

OS:LinuxMint 17.1 (rebecca)
uname:Linux 3.13.0-37-generic #64-Ubuntu SMP Mon Sep 22 21:30:01 UTC 2014 i686
libc:glibc 2.19 NPTL 2.19 
rlimit: STACK 8192k, CORE 0k, NPROC 15255, NOFILE 4096, AS infinity
load average:5,44 1,83 1,00

/proc/meminfo:
MemTotal:        1980712 kB
MemFree:          922608 kB
Buffers:           16940 kB
Cached:           196516 kB
SwapCached:        71920 kB
Active:           342104 kB
Inactive:         631980 kB
Active(anon):     257968 kB
Inactive(anon):   515012 kB
Active(file):      84136 kB
Inactive(file):   116968 kB
Unevictable:           0 kB
Mlocked:               0 kB
HighTotal:       1099720 kB
HighFree:         495276 kB
LowTotal:         880992 kB
LowFree:          427332 kB
SwapTotal:       3998716 kB
SwapFree:        3734488 kB
Dirty:              1740 kB
Writeback:             0 kB
AnonPages:        710428 kB
Mapped:            51796 kB
Shmem:             12184 kB
Slab:              42780 kB
SReclaimable:      20092 kB
SUnreclaim:        22688 kB
KernelStack:        4464 kB
PageTables:         5152 kB
NFS_Unstable:          0 kB
Bounce:                0 kB
WritebackTmp:          0 kB
CommitLimit:     4989072 kB
Committed_AS:    2096732 kB
VmallocTotal:     122880 kB
VmallocUsed:       22684 kB
VmallocChunk:      84880 kB
HardwareCorrupted:     0 kB
AnonHugePages:    479232 kB
HugePages_Total:       0
HugePages_Free:        0
HugePages_Rsvd:        0
HugePages_Surp:        0
Hugepagesize:       2048 kB
DirectMap4k:       26616 kB
DirectMap2M:      886784 kB


CPU:total 4 (2 cores per cpu, 2 threads per core) family 6 model 37 stepping 5, cmov, cx8, fxsr, mmx, sse, sse2, sse3, ssse3, sse4.1, sse4.2, popcnt, ht, tsc, tscinvbit

/proc/cpuinfo:
processor	: 0
vendor_id	: GenuineIntel
cpu family	: 6
model		: 37
model name	: Intel(R) Core(TM) i3 CPU       M 370  @ 2.40GHz
stepping	: 5
microcode	: 0x2
cpu MHz		: 2399.000
cache size	: 3072 KB
physical id	: 0
siblings	: 4
core id		: 0
cpu cores	: 2
apicid		: 0
initial apicid	: 0
fdiv_bug	: no
f00f_bug	: no
coma_bug	: no
fpu		: yes
fpu_exception	: yes
cpuid level	: 11
wp		: yes
flags		: fpu vme de pse tsc msr pae mce cx8 apic sep mtrr pge mca cmov pat pse36 clflush dts acpi mmx fxsr sse sse2 ss ht tm pbe nx rdtscp lm constant_tsc arch_perfmon pebs bts xtopology nonstop_tsc aperfmperf pni dtes64 monitor ds_cpl vmx est tm2 ssse3 cx16 xtpr pdcm pcid sse4_1 sse4_2 popcnt lahf_lm arat dtherm tpr_shadow vnmi flexpriority ept vpid
bogomips	: 4787.70
clflush size	: 64
cache_alignment	: 64
address sizes	: 36 bits physical, 48 bits virtual
power management:

processor	: 1
vendor_id	: GenuineIntel
cpu family	: 6
model		: 37
model name	: Intel(R) Core(TM) i3 CPU       M 370  @ 2.40GHz
stepping	: 5
microcode	: 0x2
cpu MHz		: 2399.000
cache size	: 3072 KB
physical id	: 0
siblings	: 4
core id		: 2
cpu cores	: 2
apicid		: 4
initial apicid	: 4
fdiv_bug	: no
f00f_bug	: no
coma_bug	: no
fpu		: yes
fpu_exception	: yes
cpuid level	: 11
wp		: yes
flags		: fpu vme de pse tsc msr pae mce cx8 apic sep mtrr pge mca cmov pat pse36 clflush dts acpi mmx fxsr sse sse2 ss ht tm pbe nx rdtscp lm constant_tsc arch_perfmon pebs bts xtopology nonstop_tsc aperfmperf pni dtes64 monitor ds_cpl vmx est tm2 ssse3 cx16 xtpr pdcm pcid sse4_1 sse4_2 popcnt lahf_lm arat dtherm tpr_shadow vnmi flexpriority ept vpid
bogomips	: 4787.70
clflush size	: 64
cache_alignment	: 64
address sizes	: 36 bits physical, 48 bits virtual
power management:

processor	: 2
vendor_id	: GenuineIntel
cpu family	: 6
model		: 37
model name	: Intel(R) Core(TM) i3 CPU       M 370  @ 2.40GHz
stepping	: 5
microcode	: 0x2
cpu MHz		: 2399.000
cache size	: 3072 KB
physical id	: 0
siblings	: 4
core id		: 0
cpu cores	: 2
apicid		: 1
initial apicid	: 1
fdiv_bug	: no
f00f_bug	: no
coma_bug	: no
fpu		: yes
fpu_exception	: yes
cpuid level	: 11
wp		: yes
flags		: fpu vme de pse tsc msr pae mce cx8 apic sep mtrr pge mca cmov pat pse36 clflush dts acpi mmx fxsr sse sse2 ss ht tm pbe nx rdtscp lm constant_tsc arch_perfmon pebs bts xtopology nonstop_tsc aperfmperf pni dtes64 monitor ds_cpl vmx est tm2 ssse3 cx16 xtpr pdcm pcid sse4_1 sse4_2 popcnt lahf_lm arat dtherm tpr_shadow vnmi flexpriority ept vpid
bogomips	: 4787.70
clflush size	: 64
cache_alignment	: 64
address sizes	: 36 bits physical, 48 bits virtual
power management:

processor	: 3
vendor_id	: GenuineIntel
cpu family	: 6
model		: 37
model name	: Intel(R) Core(TM) i3 CPU       M 370  @ 2.40GHz
stepping	: 5
microcode	: 0x2
cpu MHz		: 2399.000
cache size	: 3072 KB
physical id	: 0
siblings	: 4
core id		: 2
cpu cores	: 2
apicid		: 5
initial apicid	: 5
fdiv_bug	: no
f00f_bug	: no
coma_bug	: no
fpu		: yes
fpu_exception	: yes
cpuid level	: 11
wp		: yes
flags		: fpu vme de pse tsc msr pae mce cx8 apic sep mtrr pge mca cmov pat pse36 clflush dts acpi mmx fxsr sse sse2 ss ht tm pbe nx rdtscp lm constant_tsc arch_perfmon pebs bts xtopology nonstop_tsc aperfmperf pni dtes64 monitor ds_cpl vmx est tm2 ssse3 cx16 xtpr pdcm pcid sse4_1 sse4_2 popcnt lahf_lm arat dtherm tpr_shadow vnmi flexpriority ept vpid
bogomips	: 4787.70
clflush size	: 64
cache_alignment	: 64
address sizes	: 36 bits physical, 48 bits virtual
power management:



Memory: 4k page, physical 1980712k(922608k free), swap 3998716k(3734488k free)

vm_info: OpenJDK Server VM (24.65-b04) for linux-x86 JRE (1.7.0_65-b32), built on Oct 22 2014 04:44:59 by "buildd" with gcc 4.8.2

time: Tue Oct 13 18:00:00 2015
elapsed time: 4843 seconds

